The directory is deleted successfully
/home/yls108u/miniconda3/envs/yls108u2/lib/python3.8/site-packages/torchvision/transforms/transforms.py:1248: UserWarning: Argument resample is deprecated and will be removed since v0.10.0. Please, use interpolation instead
  warnings.warn(
Epoch: [0][0/126]	Time 5.093 (5.093)	Data 4.475 (4.475)	Loss 12.5069 (12.5069)	Prec@1 9.375 (9.375)
Epoch: [0][50/126]	Time 0.172 (0.355)	Data 0.000 (0.186)	Loss 5.2758 (7.9520)	Prec@1 15.625 (10.784)
Epoch: [0][100/126]	Time 0.155 (0.345)	Data 0.000 (0.182)	Loss 2.0715 (5.7990)	Prec@1 26.562 (13.552)
Test: [0/32]	Time 2.093 (2.093)	Loss 1.3489 (1.3489)	Prec@1 68.750 (68.750)
 * Prec@1 23.383
Epoch: [1][0/126]	Time 3.300 (3.300)	Data 3.111 (3.111)	Loss 2.4411 (2.4411)	Prec@1 14.062 (14.062)
Epoch: [1][50/126]	Time 0.154 (0.340)	Data 0.000 (0.184)	Loss 2.2284 (2.3723)	Prec@1 14.062 (24.081)
Epoch: [1][100/126]	Time 0.154 (0.326)	Data 0.000 (0.170)	Loss 2.1344 (2.3678)	Prec@1 31.250 (24.660)
Test: [0/32]	Time 2.061 (2.061)	Loss 1.6400 (1.6400)	Prec@1 46.875 (46.875)
 * Prec@1 27.164
Epoch: [2][0/126]	Time 1.912 (1.912)	Data 1.745 (1.745)	Loss 1.9610 (1.9610)	Prec@1 29.688 (29.688)
Epoch: [2][50/126]	Time 0.156 (0.347)	Data 0.000 (0.190)	Loss 1.6874 (2.0964)	Prec@1 35.938 (28.676)
Epoch: [2][100/126]	Time 0.568 (0.315)	Data 0.410 (0.158)	Loss 1.8286 (2.0476)	Prec@1 29.688 (29.394)
Test: [0/32]	Time 1.980 (1.980)	Loss 1.2086 (1.2086)	Prec@1 51.562 (51.562)
 * Prec@1 31.542
Epoch: [3][0/126]	Time 1.963 (1.963)	Data 1.782 (1.782)	Loss 2.1309 (2.1309)	Prec@1 29.688 (29.688)
Epoch: [3][50/126]	Time 0.328 (0.334)	Data 0.171 (0.176)	Loss 1.9471 (1.9152)	Prec@1 32.812 (33.364)
Epoch: [3][100/126]	Time 0.157 (0.306)	Data 0.000 (0.149)	Loss 1.8949 (1.9204)	Prec@1 29.688 (32.441)
Test: [0/32]	Time 2.062 (2.062)	Loss 1.4421 (1.4421)	Prec@1 46.875 (46.875)
 * Prec@1 35.274
Epoch: [4][0/126]	Time 1.678 (1.678)	Data 1.519 (1.519)	Loss 1.6471 (1.6471)	Prec@1 48.438 (48.438)
Epoch: [4][50/126]	Time 0.155 (0.343)	Data 0.000 (0.187)	Loss 1.8054 (1.8945)	Prec@1 32.812 (34.804)
Epoch: [4][100/126]	Time 0.155 (0.322)	Data 0.000 (0.166)	Loss 1.7893 (1.8334)	Prec@1 37.500 (35.303)
Test: [0/32]	Time 2.099 (2.099)	Loss 1.7184 (1.7184)	Prec@1 21.875 (21.875)
 * Prec@1 38.657
Epoch: [5][0/126]	Time 3.721 (3.721)	Data 3.540 (3.540)	Loss 1.6933 (1.6933)	Prec@1 39.062 (39.062)
Epoch: [5][50/126]	Time 0.155 (0.384)	Data 0.000 (0.227)	Loss 1.8536 (1.8154)	Prec@1 25.000 (36.520)
Epoch: [5][100/126]	Time 0.277 (0.319)	Data 0.117 (0.162)	Loss 1.8857 (1.7641)	Prec@1 35.938 (37.113)
Test: [0/32]	Time 2.083 (2.083)	Loss 1.4434 (1.4434)	Prec@1 43.750 (43.750)
 * Prec@1 41.294
Epoch: [6][0/126]	Time 2.455 (2.455)	Data 2.288 (2.288)	Loss 1.8022 (1.8022)	Prec@1 35.938 (35.938)
Epoch: [6][50/126]	Time 0.155 (0.312)	Data 0.000 (0.155)	Loss 1.7700 (1.6813)	Prec@1 42.188 (40.288)
Epoch: [6][100/126]	Time 0.156 (0.301)	Data 0.000 (0.144)	Loss 1.9934 (1.6565)	Prec@1 37.500 (40.888)
Test: [0/32]	Time 2.087 (2.087)	Loss 1.8468 (1.8468)	Prec@1 20.312 (20.312)
 * Prec@1 42.736
Epoch: [7][0/126]	Time 4.115 (4.115)	Data 3.959 (3.959)	Loss 1.3962 (1.3962)	Prec@1 45.312 (45.312)
Epoch: [7][50/126]	Time 0.769 (0.338)	Data 0.614 (0.182)	Loss 1.8045 (1.5627)	Prec@1 31.250 (43.842)
Epoch: [7][100/126]	Time 0.155 (0.329)	Data 0.000 (0.173)	Loss 1.3712 (1.5606)	Prec@1 46.875 (44.090)
Test: [0/32]	Time 2.046 (2.046)	Loss 2.8161 (2.8161)	Prec@1 0.000 (0.000)
 * Prec@1 45.871
Epoch: [8][0/126]	Time 1.178 (1.178)	Data 1.022 (1.022)	Loss 1.6533 (1.6533)	Prec@1 37.500 (37.500)
Epoch: [8][50/126]	Time 0.157 (0.330)	Data 0.000 (0.172)	Loss 1.3442 (1.5488)	Prec@1 57.812 (44.761)
Epoch: [8][100/126]	Time 0.155 (0.298)	Data 0.000 (0.141)	Loss 1.3656 (1.5169)	Prec@1 51.562 (45.885)
Test: [0/32]	Time 1.973 (1.973)	Loss 1.7094 (1.7094)	Prec@1 23.438 (23.438)
 * Prec@1 47.264
Epoch: [9][0/126]	Time 2.507 (2.507)	Data 2.339 (2.339)	Loss 1.6222 (1.6222)	Prec@1 43.750 (43.750)
Epoch: [9][50/126]	Time 0.159 (0.325)	Data 0.000 (0.168)	Loss 1.3912 (1.4327)	Prec@1 56.250 (48.315)
Epoch: [9][100/126]	Time 0.685 (0.297)	Data 0.529 (0.137)	Loss 1.5588 (1.4421)	Prec@1 48.438 (48.252)
Test: [0/32]	Time 2.238 (2.238)	Loss 1.2115 (1.2115)	Prec@1 42.188 (42.188)
 * Prec@1 50.796
Epoch: [10][0/126]	Time 1.699 (1.699)	Data 1.515 (1.515)	Loss 1.4840 (1.4840)	Prec@1 45.312 (45.312)
Epoch: [10][50/126]	Time 0.156 (0.303)	Data 0.000 (0.143)	Loss 1.3010 (1.4040)	Prec@1 53.125 (49.786)
Epoch: [10][100/126]	Time 0.155 (0.298)	Data 0.000 (0.141)	Loss 1.2149 (1.3878)	Prec@1 56.250 (50.588)
Test: [0/32]	Time 2.109 (2.109)	Loss 0.9521 (0.9521)	Prec@1 64.062 (64.062)
 * Prec@1 51.891
Epoch: [11][0/126]	Time 2.726 (2.726)	Data 2.567 (2.567)	Loss 1.1862 (1.1862)	Prec@1 60.938 (60.938)
Epoch: [11][50/126]	Time 0.156 (0.307)	Data 0.000 (0.147)	Loss 1.4350 (1.3807)	Prec@1 45.312 (51.042)
Epoch: [11][100/126]	Time 1.131 (0.330)	Data 0.976 (0.172)	Loss 1.1040 (1.3558)	Prec@1 59.375 (51.191)
Test: [0/32]	Time 2.049 (2.049)	Loss 0.9105 (0.9105)	Prec@1 64.062 (64.062)
 * Prec@1 54.726
Epoch: [12][0/126]	Time 1.495 (1.495)	Data 1.325 (1.325)	Loss 1.4969 (1.4969)	Prec@1 42.188 (42.188)
Epoch: [12][50/126]	Time 0.157 (0.333)	Data 0.000 (0.174)	Loss 1.4517 (1.3414)	Prec@1 37.500 (50.429)
Epoch: [12][100/126]	Time 0.166 (0.312)	Data 0.000 (0.153)	Loss 1.1381 (1.3033)	Prec@1 62.500 (52.924)
Test: [0/32]	Time 2.189 (2.189)	Loss 2.1937 (2.1937)	Prec@1 20.312 (20.312)
 * Prec@1 52.886
Epoch: [13][0/126]	Time 1.914 (1.914)	Data 1.734 (1.734)	Loss 1.3246 (1.3246)	Prec@1 57.812 (57.812)
Epoch: [13][50/126]	Time 0.163 (0.360)	Data 0.000 (0.203)	Loss 1.2630 (1.2847)	Prec@1 48.438 (55.025)
Epoch: [13][100/126]	Time 0.660 (0.329)	Data 0.504 (0.171)	Loss 1.4023 (1.2701)	Prec@1 53.125 (54.827)
Test: [0/32]	Time 2.230 (2.230)	Loss 2.3132 (2.3132)	Prec@1 23.438 (23.438)
 * Prec@1 51.393
Epoch: [14][0/126]	Time 1.743 (1.743)	Data 1.581 (1.581)	Loss 1.2193 (1.2193)	Prec@1 56.250 (56.250)
Epoch: [14][50/126]	Time 0.160 (0.380)	Data 0.000 (0.223)	Loss 1.1644 (1.2216)	Prec@1 57.812 (56.556)
Epoch: [14][100/126]	Time 0.171 (0.312)	Data 0.003 (0.153)	Loss 1.2658 (1.2292)	Prec@1 50.000 (55.987)
Test: [0/32]	Time 1.960 (1.960)	Loss 1.2713 (1.2713)	Prec@1 53.125 (53.125)
 * Prec@1 56.318
Epoch: [15][0/126]	Time 3.358 (3.358)	Data 3.187 (3.187)	Loss 1.1393 (1.1393)	Prec@1 51.562 (51.562)
Epoch: [15][50/126]	Time 0.666 (0.377)	Data 0.506 (0.220)	Loss 1.3999 (1.2465)	Prec@1 50.000 (55.607)
Epoch: [15][100/126]	Time 0.158 (0.311)	Data 0.000 (0.155)	Loss 1.1656 (1.2271)	Prec@1 53.125 (56.621)
Test: [0/32]	Time 2.088 (2.088)	Loss 2.9270 (2.9270)	Prec@1 28.125 (28.125)
 * Prec@1 56.468
Epoch: [16][0/126]	Time 3.619 (3.619)	Data 3.452 (3.452)	Loss 1.1701 (1.1701)	Prec@1 62.500 (62.500)
Epoch: [16][50/126]	Time 0.160 (0.322)	Data 0.000 (0.164)	Loss 1.5816 (1.1846)	Prec@1 45.312 (58.303)
Epoch: [16][100/126]	Time 0.157 (0.307)	Data 0.000 (0.150)	Loss 1.0342 (1.1476)	Prec@1 65.625 (59.406)
Test: [0/32]	Time 2.218 (2.218)	Loss 2.3429 (2.3429)	Prec@1 17.188 (17.188)
 * Prec@1 53.831
Epoch: [17][0/126]	Time 2.138 (2.138)	Data 1.978 (1.978)	Loss 0.9285 (0.9285)	Prec@1 64.062 (64.062)
Epoch: [17][50/126]	Time 0.157 (0.341)	Data 0.000 (0.184)	Loss 1.1939 (1.1116)	Prec@1 53.125 (59.926)
Epoch: [17][100/126]	Time 0.154 (0.329)	Data 0.000 (0.172)	Loss 1.2176 (1.1357)	Prec@1 57.812 (59.777)
Test: [0/32]	Time 2.669 (2.669)	Loss 1.2350 (1.2350)	Prec@1 57.812 (57.812)
 * Prec@1 57.214
Epoch: [18][0/126]	Time 1.958 (1.958)	Data 1.791 (1.791)	Loss 1.0249 (1.0249)	Prec@1 68.750 (68.750)
Epoch: [18][50/126]	Time 0.167 (0.364)	Data 0.000 (0.203)	Loss 0.9541 (1.1165)	Prec@1 62.500 (59.896)
Epoch: [18][100/126]	Time 0.167 (0.309)	Data 0.000 (0.147)	Loss 1.2219 (1.1093)	Prec@1 54.688 (60.489)
Test: [0/32]	Time 2.140 (2.140)	Loss 1.5657 (1.5657)	Prec@1 40.625 (40.625)
 * Prec@1 60.746
Epoch: [19][0/126]	Time 2.266 (2.266)	Data 2.109 (2.109)	Loss 0.9565 (0.9565)	Prec@1 62.500 (62.500)
Epoch: [19][50/126]	Time 0.158 (0.327)	Data 0.000 (0.167)	Loss 0.9405 (1.0801)	Prec@1 67.188 (61.612)
Epoch: [19][100/126]	Time 0.156 (0.320)	Data 0.000 (0.162)	Loss 1.1174 (1.0851)	Prec@1 54.688 (61.757)
Test: [0/32]	Time 2.249 (2.249)	Loss 1.6249 (1.6249)	Prec@1 40.625 (40.625)
 * Prec@1 60.796
Epoch: [20][0/126]	Time 1.225 (1.225)	Data 1.053 (1.053)	Loss 1.1801 (1.1801)	Prec@1 59.375 (59.375)
Epoch: [20][50/126]	Time 0.158 (0.324)	Data 0.000 (0.159)	Loss 0.9036 (1.0618)	Prec@1 67.188 (61.918)
Epoch: [20][100/126]	Time 0.160 (0.326)	Data 0.000 (0.165)	Loss 1.0230 (1.0659)	Prec@1 65.625 (62.562)
Test: [0/32]	Time 2.351 (2.351)	Loss 0.9770 (0.9770)	Prec@1 70.312 (70.312)
 * Prec@1 58.955
Epoch: [21][0/126]	Time 3.115 (3.115)	Data 2.951 (2.951)	Loss 1.0689 (1.0689)	Prec@1 56.250 (56.250)
Epoch: [21][50/126]	Time 0.156 (0.337)	Data 0.000 (0.180)	Loss 1.0342 (1.0485)	Prec@1 64.062 (62.684)
Epoch: [21][100/126]	Time 0.983 (0.307)	Data 0.829 (0.151)	Loss 1.1682 (1.0303)	Prec@1 56.250 (63.397)
Test: [0/32]	Time 2.377 (2.377)	Loss 1.8580 (1.8580)	Prec@1 29.688 (29.688)
 * Prec@1 61.294
Epoch: [22][0/126]	Time 3.849 (3.849)	Data 3.679 (3.679)	Loss 0.9705 (0.9705)	Prec@1 64.062 (64.062)
Epoch: [22][50/126]	Time 0.163 (0.384)	Data 0.000 (0.224)	Loss 0.8969 (1.0194)	Prec@1 75.000 (63.603)
Epoch: [22][100/126]	Time 0.160 (0.335)	Data 0.000 (0.174)	Loss 0.8603 (1.0111)	Prec@1 65.625 (63.923)
Test: [0/32]	Time 2.111 (2.111)	Loss 0.5621 (0.5621)	Prec@1 84.375 (84.375)
 * Prec@1 60.995
Epoch: [23][0/126]	Time 3.093 (3.093)	Data 2.925 (2.925)	Loss 0.9667 (0.9667)	Prec@1 62.500 (62.500)
Epoch: [23][50/126]	Time 0.155 (0.354)	Data 0.000 (0.194)	Loss 0.7969 (1.0226)	Prec@1 70.312 (64.583)
Epoch: [23][100/126]	Time 0.522 (0.309)	Data 0.366 (0.150)	Loss 0.9645 (1.0211)	Prec@1 59.375 (64.248)
Test: [0/32]	Time 2.099 (2.099)	Loss 1.1179 (1.1179)	Prec@1 59.375 (59.375)
 * Prec@1 62.338
Epoch: [24][0/126]	Time 2.914 (2.914)	Data 2.738 (2.738)	Loss 0.8297 (0.8297)	Prec@1 68.750 (68.750)
Epoch: [24][50/126]	Time 0.160 (0.332)	Data 0.000 (0.171)	Loss 1.0041 (1.0145)	Prec@1 64.062 (64.216)
Epoch: [24][100/126]	Time 0.157 (0.310)	Data 0.000 (0.151)	Loss 0.8516 (0.9970)	Prec@1 71.875 (64.805)
Test: [0/32]	Time 2.228 (2.228)	Loss 1.4562 (1.4562)	Prec@1 50.000 (50.000)
 * Prec@1 60.100
Epoch: [25][0/126]	Time 2.221 (2.221)	Data 2.049 (2.049)	Loss 0.8119 (0.8119)	Prec@1 71.875 (71.875)
Epoch: [25][50/126]	Time 0.156 (0.352)	Data 0.000 (0.194)	Loss 1.0296 (0.9507)	Prec@1 67.188 (66.176)
Epoch: [25][100/126]	Time 0.157 (0.318)	Data 0.000 (0.161)	Loss 1.2707 (0.9746)	Prec@1 56.250 (65.594)
Test: [0/32]	Time 2.030 (2.030)	Loss 1.1924 (1.1924)	Prec@1 64.062 (64.062)
 * Prec@1 63.184
Epoch: [26][0/126]	Time 2.808 (2.808)	Data 2.626 (2.626)	Loss 0.9808 (0.9808)	Prec@1 67.188 (67.188)
Epoch: [26][50/126]	Time 0.157 (0.308)	Data 0.000 (0.150)	Loss 1.0277 (0.9619)	Prec@1 64.062 (65.778)
Epoch: [26][100/126]	Time 0.157 (0.290)	Data 0.000 (0.132)	Loss 0.9942 (0.9635)	Prec@1 62.500 (66.213)
Test: [0/32]	Time 2.235 (2.235)	Loss 0.9326 (0.9326)	Prec@1 70.312 (70.312)
 * Prec@1 64.975
Epoch: [27][0/126]	Time 2.164 (2.164)	Data 2.006 (2.006)	Loss 0.9124 (0.9124)	Prec@1 60.938 (60.938)
Epoch: [27][50/126]	Time 2.204 (0.347)	Data 2.048 (0.189)	Loss 0.8571 (0.9159)	Prec@1 70.312 (67.034)
Epoch: [27][100/126]	Time 0.156 (0.321)	Data 0.000 (0.164)	Loss 0.9210 (0.9258)	Prec@1 70.312 (67.048)
Test: [0/32]	Time 2.041 (2.041)	Loss 1.1077 (1.1077)	Prec@1 62.500 (62.500)
 * Prec@1 66.567
Epoch: [28][0/126]	Time 2.661 (2.661)	Data 2.502 (2.502)	Loss 0.9960 (0.9960)	Prec@1 68.750 (68.750)
Epoch: [28][50/126]	Time 0.157 (0.375)	Data 0.000 (0.216)	Loss 1.1385 (0.9116)	Prec@1 57.812 (67.678)
Epoch: [28][100/126]	Time 2.432 (0.357)	Data 2.278 (0.199)	Loss 1.1869 (0.9219)	Prec@1 56.250 (67.296)
Test: [0/32]	Time 1.957 (1.957)	Loss 0.9042 (0.9042)	Prec@1 76.562 (76.562)
 * Prec@1 62.338
Epoch: [29][0/126]	Time 4.088 (4.088)	Data 3.925 (3.925)	Loss 0.6878 (0.6878)	Prec@1 73.438 (73.438)
Epoch: [29][50/126]	Time 0.159 (0.344)	Data 0.000 (0.185)	Loss 0.9048 (0.9138)	Prec@1 64.062 (67.433)
Epoch: [29][100/126]	Time 1.738 (0.329)	Data 1.584 (0.170)	Loss 0.8840 (0.9121)	Prec@1 71.875 (67.636)
Test: [0/32]	Time 2.000 (2.000)	Loss 0.5447 (0.5447)	Prec@1 84.375 (84.375)
 * Prec@1 65.771
Epoch: [30][0/126]	Time 1.611 (1.611)	Data 1.454 (1.454)	Loss 0.8094 (0.8094)	Prec@1 68.750 (68.750)
Epoch: [30][50/126]	Time 0.156 (0.330)	Data 0.000 (0.174)	Loss 0.7651 (0.8992)	Prec@1 78.125 (68.566)
Epoch: [30][100/126]	Time 0.950 (0.324)	Data 0.784 (0.167)	Loss 0.9905 (0.9163)	Prec@1 64.062 (67.946)
Test: [0/32]	Time 2.278 (2.278)	Loss 0.8574 (0.8574)	Prec@1 76.562 (76.562)
 * Prec@1 66.119
Epoch: [31][0/126]	Time 3.826 (3.826)	Data 3.661 (3.661)	Loss 0.7387 (0.7387)	Prec@1 78.125 (78.125)
Epoch: [31][50/126]	Time 0.166 (0.337)	Data 0.000 (0.175)	Loss 0.9653 (0.8505)	Prec@1 68.750 (69.547)
Epoch: [31][100/126]	Time 0.156 (0.339)	Data 0.000 (0.179)	Loss 0.8102 (0.8659)	Prec@1 71.875 (69.338)
Test: [0/32]	Time 2.035 (2.035)	Loss 0.7872 (0.7872)	Prec@1 75.000 (75.000)
 * Prec@1 64.876
Epoch: [32][0/126]	Time 3.277 (3.277)	Data 3.105 (3.105)	Loss 0.8289 (0.8289)	Prec@1 68.750 (68.750)
Epoch: [32][50/126]	Time 0.167 (0.337)	Data 0.000 (0.172)	Loss 0.7708 (0.8755)	Prec@1 76.562 (69.547)
Epoch: [32][100/126]	Time 0.166 (0.345)	Data 0.000 (0.181)	Loss 0.7838 (0.8743)	Prec@1 73.438 (69.338)
Test: [0/32]	Time 2.072 (2.072)	Loss 1.4388 (1.4388)	Prec@1 46.875 (46.875)
 * Prec@1 61.542
Epoch: [33][0/126]	Time 4.323 (4.323)	Data 4.151 (4.151)	Loss 0.8412 (0.8412)	Prec@1 70.312 (70.312)
Epoch: [33][50/126]	Time 0.156 (0.443)	Data 0.000 (0.283)	Loss 0.9007 (0.8722)	Prec@1 75.000 (70.221)
Epoch: [33][100/126]	Time 0.156 (0.369)	Data 0.000 (0.210)	Loss 0.7608 (0.8574)	Prec@1 76.562 (70.251)
Test: [0/32]	Time 1.966 (1.966)	Loss 0.6778 (0.6778)	Prec@1 81.250 (81.250)
 * Prec@1 63.930
Epoch: [34][0/126]	Time 2.706 (2.706)	Data 2.521 (2.521)	Loss 0.6347 (0.6347)	Prec@1 75.000 (75.000)
Epoch: [34][50/126]	Time 0.152 (0.428)	Data 0.000 (0.269)	Loss 1.1306 (0.8200)	Prec@1 60.938 (70.956)
Epoch: [34][100/126]	Time 0.154 (0.352)	Data 0.000 (0.194)	Loss 0.9153 (0.8294)	Prec@1 65.625 (70.668)
Test: [0/32]	Time 2.602 (2.602)	Loss 1.3998 (1.3998)	Prec@1 51.562 (51.562)
 * Prec@1 64.229
Epoch: [35][0/126]	Time 4.534 (4.534)	Data 4.378 (4.378)	Loss 0.8471 (0.8471)	Prec@1 73.438 (73.438)
Epoch: [35][50/126]	Time 0.155 (0.358)	Data 0.000 (0.201)	Loss 0.6639 (0.8135)	Prec@1 78.125 (71.078)
Epoch: [35][100/126]	Time 0.830 (0.318)	Data 0.674 (0.162)	Loss 0.8501 (0.8323)	Prec@1 68.750 (70.483)
Test: [0/32]	Time 2.126 (2.126)	Loss 1.8248 (1.8248)	Prec@1 37.500 (37.500)
 * Prec@1 53.980
Epoch: [36][0/126]	Time 2.243 (2.243)	Data 2.043 (2.043)	Loss 0.7980 (0.7980)	Prec@1 70.312 (70.312)
Epoch: [36][50/126]	Time 0.160 (0.324)	Data 0.000 (0.164)	Loss 0.6664 (0.8067)	Prec@1 78.125 (71.201)
Epoch: [36][100/126]	Time 0.169 (0.311)	Data 0.000 (0.150)	Loss 0.8368 (0.8019)	Prec@1 65.625 (71.689)
Test: [0/32]	Time 2.078 (2.078)	Loss 1.0472 (1.0472)	Prec@1 65.625 (65.625)
 * Prec@1 64.876
Epoch: [37][0/126]	Time 3.140 (3.140)	Data 2.973 (2.973)	Loss 0.8294 (0.8294)	Prec@1 71.875 (71.875)
Epoch: [37][50/126]	Time 0.155 (0.336)	Data 0.000 (0.178)	Loss 0.9238 (0.8218)	Prec@1 71.875 (71.170)
Epoch: [37][100/126]	Time 0.155 (0.316)	Data 0.000 (0.159)	Loss 0.9228 (0.8203)	Prec@1 68.750 (71.009)
Test: [0/32]	Time 2.088 (2.088)	Loss 0.6901 (0.6901)	Prec@1 81.250 (81.250)
 * Prec@1 67.065
Epoch: [38][0/126]	Time 4.545 (4.545)	Data 4.375 (4.375)	Loss 0.8643 (0.8643)	Prec@1 68.750 (68.750)
Epoch: [38][50/126]	Time 0.155 (0.373)	Data 0.000 (0.215)	Loss 0.8546 (0.7921)	Prec@1 73.438 (72.212)
Epoch: [38][100/126]	Time 0.156 (0.318)	Data 0.000 (0.161)	Loss 0.8064 (0.7982)	Prec@1 70.312 (71.937)
Test: [0/32]	Time 2.279 (2.279)	Loss 0.5521 (0.5521)	Prec@1 82.812 (82.812)
 * Prec@1 67.960
Epoch: [39][0/126]	Time 4.366 (4.366)	Data 4.200 (4.200)	Loss 0.6908 (0.6908)	Prec@1 73.438 (73.438)
Epoch: [39][50/126]	Time 0.157 (0.420)	Data 0.000 (0.256)	Loss 0.6839 (0.7510)	Prec@1 76.562 (72.243)
Epoch: [39][100/126]	Time 0.155 (0.361)	Data 0.000 (0.201)	Loss 0.8215 (0.7629)	Prec@1 68.750 (72.679)
Test: [0/32]	Time 2.194 (2.194)	Loss 0.6743 (0.6743)	Prec@1 85.938 (85.938)
 * Prec@1 71.692
Epoch: [40][0/126]	Time 1.205 (1.205)	Data 1.029 (1.029)	Loss 0.8153 (0.8153)	Prec@1 73.438 (73.438)
Epoch: [40][50/126]	Time 0.156 (0.292)	Data 0.000 (0.124)	Loss 1.0039 (0.7932)	Prec@1 64.062 (71.293)
Epoch: [40][100/126]	Time 0.155 (0.297)	Data 0.000 (0.135)	Loss 0.7470 (0.7721)	Prec@1 71.875 (72.679)
Test: [0/32]	Time 2.254 (2.254)	Loss 1.2190 (1.2190)	Prec@1 57.812 (57.812)
 * Prec@1 67.711
Epoch: [41][0/126]	Time 1.919 (1.919)	Data 1.749 (1.749)	Loss 0.8947 (0.8947)	Prec@1 71.875 (71.875)
Epoch: [41][50/126]	Time 0.156 (0.374)	Data 0.000 (0.218)	Loss 0.8934 (0.7449)	Prec@1 68.750 (73.805)
Epoch: [41][100/126]	Time 0.157 (0.323)	Data 0.000 (0.167)	Loss 0.7353 (0.7547)	Prec@1 68.750 (73.623)
Test: [0/32]	Time 1.949 (1.949)	Loss 0.4871 (0.4871)	Prec@1 85.938 (85.938)
 * Prec@1 71.791
Epoch: [42][0/126]	Time 2.989 (2.989)	Data 2.825 (2.825)	Loss 0.6123 (0.6123)	Prec@1 82.812 (82.812)
Epoch: [42][50/126]	Time 0.156 (0.358)	Data 0.000 (0.201)	Loss 0.6350 (0.7432)	Prec@1 79.688 (73.958)
Epoch: [42][100/126]	Time 0.157 (0.311)	Data 0.000 (0.154)	Loss 0.7495 (0.7526)	Prec@1 73.438 (73.871)
Test: [0/32]	Time 2.126 (2.126)	Loss 0.8498 (0.8498)	Prec@1 70.312 (70.312)
 * Prec@1 70.100
Epoch: [43][0/126]	Time 3.121 (3.121)	Data 2.962 (2.962)	Loss 0.7144 (0.7144)	Prec@1 70.312 (70.312)
Epoch: [43][50/126]	Time 0.648 (0.334)	Data 0.492 (0.178)	Loss 0.8557 (0.6958)	Prec@1 68.750 (74.724)
Epoch: [43][100/126]	Time 0.472 (0.321)	Data 0.313 (0.163)	Loss 0.9477 (0.7470)	Prec@1 60.938 (72.989)
Test: [0/32]	Time 1.820 (1.820)	Loss 1.9381 (1.9381)	Prec@1 37.500 (37.500)
 * Prec@1 67.313
Epoch: [44][0/126]	Time 1.978 (1.978)	Data 1.796 (1.796)	Loss 0.7566 (0.7566)	Prec@1 73.438 (73.438)
Epoch: [44][50/126]	Time 0.154 (0.379)	Data 0.000 (0.221)	Loss 0.6964 (0.7405)	Prec@1 76.562 (73.958)
Epoch: [44][100/126]	Time 0.156 (0.319)	Data 0.000 (0.162)	Loss 0.9034 (0.7367)	Prec@1 73.438 (74.304)
Test: [0/32]	Time 2.562 (2.562)	Loss 0.6711 (0.6711)	Prec@1 79.688 (79.688)
 * Prec@1 67.910
Epoch: [45][0/126]	Time 1.608 (1.608)	Data 1.439 (1.439)	Loss 0.6785 (0.6785)	Prec@1 76.562 (76.562)
Epoch: [45][50/126]	Time 0.156 (0.348)	Data 0.000 (0.186)	Loss 0.7459 (0.7153)	Prec@1 70.312 (74.112)
Epoch: [45][100/126]	Time 0.156 (0.322)	Data 0.000 (0.161)	Loss 0.6045 (0.7187)	Prec@1 81.250 (74.165)
Test: [0/32]	Time 2.534 (2.534)	Loss 0.2733 (0.2733)	Prec@1 92.188 (92.188)
 * Prec@1 67.761
Epoch: [46][0/126]	Time 4.289 (4.289)	Data 4.123 (4.123)	Loss 0.6481 (0.6481)	Prec@1 78.125 (78.125)
Epoch: [46][50/126]	Time 0.157 (0.401)	Data 0.000 (0.238)	Loss 0.7136 (0.6824)	Prec@1 78.125 (75.337)
Epoch: [46][100/126]	Time 0.166 (0.345)	Data 0.000 (0.185)	Loss 0.5188 (0.7025)	Prec@1 73.438 (75.294)
Test: [0/32]	Time 2.677 (2.677)	Loss 0.6962 (0.6962)	Prec@1 78.125 (78.125)
 * Prec@1 70.149
Epoch: [47][0/126]	Time 2.594 (2.594)	Data 2.436 (2.436)	Loss 0.6872 (0.6872)	Prec@1 75.000 (75.000)
Epoch: [47][50/126]	Time 0.166 (0.387)	Data 0.000 (0.228)	Loss 0.4527 (0.7097)	Prec@1 85.938 (74.571)
Epoch: [47][100/126]	Time 0.157 (0.329)	Data 0.000 (0.169)	Loss 0.8349 (0.6906)	Prec@1 70.312 (75.371)
Test: [0/32]	Time 2.324 (2.324)	Loss 0.4416 (0.4416)	Prec@1 85.938 (85.938)
 * Prec@1 73.184
Epoch: [48][0/126]	Time 1.384 (1.384)	Data 1.218 (1.218)	Loss 0.6058 (0.6058)	Prec@1 78.125 (78.125)
Epoch: [48][50/126]	Time 0.156 (0.339)	Data 0.000 (0.181)	Loss 0.6658 (0.6598)	Prec@1 73.438 (76.685)
Epoch: [48][100/126]	Time 0.159 (0.303)	Data 0.000 (0.146)	Loss 0.7086 (0.6818)	Prec@1 78.125 (75.588)
Test: [0/32]	Time 2.032 (2.032)	Loss 1.1057 (1.1057)	Prec@1 62.500 (62.500)
 * Prec@1 70.597
Epoch: [49][0/126]	Time 1.696 (1.696)	Data 1.528 (1.528)	Loss 0.6182 (0.6182)	Prec@1 78.125 (78.125)
Epoch: [49][50/126]	Time 0.157 (0.351)	Data 0.000 (0.194)	Loss 0.5104 (0.6756)	Prec@1 84.375 (75.521)
Epoch: [49][100/126]	Time 0.157 (0.306)	Data 0.000 (0.149)	Loss 0.8149 (0.6932)	Prec@1 70.312 (75.356)
Test: [0/32]	Time 1.943 (1.943)	Loss 0.7170 (0.7170)	Prec@1 82.812 (82.812)
 * Prec@1 67.761
Epoch: [50][0/126]	Time 2.298 (2.298)	Data 2.128 (2.128)	Loss 0.6734 (0.6734)	Prec@1 85.938 (85.938)
Epoch: [50][50/126]	Time 0.158 (0.330)	Data 0.000 (0.172)	Loss 0.6061 (0.5984)	Prec@1 76.562 (79.044)
Epoch: [50][100/126]	Time 0.157 (0.314)	Data 0.000 (0.157)	Loss 0.5229 (0.5816)	Prec@1 82.812 (79.564)
Test: [0/32]	Time 2.356 (2.356)	Loss 0.7112 (0.7112)	Prec@1 79.688 (79.688)
 * Prec@1 76.716
Epoch: [51][0/126]	Time 2.015 (2.015)	Data 1.848 (1.848)	Loss 0.4738 (0.4738)	Prec@1 82.812 (82.812)
Epoch: [51][50/126]	Time 0.156 (0.343)	Data 0.000 (0.186)	Loss 0.5969 (0.5405)	Prec@1 81.250 (81.127)
Epoch: [51][100/126]	Time 0.155 (0.322)	Data 0.000 (0.166)	Loss 0.3520 (0.5288)	Prec@1 89.062 (81.389)
Test: [0/32]	Time 2.041 (2.041)	Loss 0.5041 (0.5041)	Prec@1 82.812 (82.812)
 * Prec@1 77.662
Epoch: [52][0/126]	Time 3.142 (3.142)	Data 2.978 (2.978)	Loss 0.5543 (0.5543)	Prec@1 81.250 (81.250)
Epoch: [52][50/126]	Time 0.155 (0.350)	Data 0.000 (0.194)	Loss 0.3753 (0.5397)	Prec@1 89.062 (81.036)
Epoch: [52][100/126]	Time 0.157 (0.318)	Data 0.000 (0.162)	Loss 0.3894 (0.5148)	Prec@1 87.500 (82.024)
Test: [0/32]	Time 2.304 (2.304)	Loss 0.5109 (0.5109)	Prec@1 85.938 (85.938)
 * Prec@1 77.562
Epoch: [53][0/126]	Time 2.582 (2.582)	Data 2.411 (2.411)	Loss 0.4812 (0.4812)	Prec@1 85.938 (85.938)
Epoch: [53][50/126]	Time 0.157 (0.325)	Data 0.000 (0.167)	Loss 0.3316 (0.4740)	Prec@1 90.625 (83.456)
Epoch: [53][100/126]	Time 0.162 (0.307)	Data 0.000 (0.149)	Loss 0.4509 (0.4959)	Prec@1 78.125 (82.534)
Test: [0/32]	Time 2.540 (2.540)	Loss 0.5589 (0.5589)	Prec@1 82.812 (82.812)
 * Prec@1 78.159
Epoch: [54][0/126]	Time 2.746 (2.746)	Data 2.580 (2.580)	Loss 0.6035 (0.6035)	Prec@1 75.000 (75.000)
Epoch: [54][50/126]	Time 0.154 (0.345)	Data 0.000 (0.188)	Loss 0.3533 (0.4886)	Prec@1 90.625 (82.874)
Epoch: [54][100/126]	Time 0.331 (0.296)	Data 0.173 (0.140)	Loss 0.4056 (0.4946)	Prec@1 84.375 (82.751)
Test: [0/32]	Time 1.960 (1.960)	Loss 0.5402 (0.5402)	Prec@1 82.812 (82.812)
 * Prec@1 78.010
Epoch: [55][0/126]	Time 1.921 (1.921)	Data 1.750 (1.750)	Loss 0.6183 (0.6183)	Prec@1 76.562 (76.562)
Epoch: [55][50/126]	Time 0.156 (0.318)	Data 0.000 (0.160)	Loss 0.4598 (0.4959)	Prec@1 82.812 (82.230)
Epoch: [55][100/126]	Time 0.157 (0.295)	Data 0.000 (0.138)	Loss 0.6131 (0.4903)	Prec@1 79.688 (82.797)
Test: [0/32]	Time 2.079 (2.079)	Loss 0.4394 (0.4394)	Prec@1 82.812 (82.812)
 * Prec@1 78.706
Epoch: [56][0/126]	Time 2.217 (2.217)	Data 2.045 (2.045)	Loss 0.4159 (0.4159)	Prec@1 87.500 (87.500)
Epoch: [56][50/126]	Time 0.156 (0.342)	Data 0.000 (0.183)	Loss 0.3984 (0.4679)	Prec@1 87.500 (83.578)
Epoch: [56][100/126]	Time 0.165 (0.314)	Data 0.000 (0.154)	Loss 0.5905 (0.4802)	Prec@1 78.125 (83.571)
Test: [0/32]	Time 2.008 (2.008)	Loss 0.3879 (0.3879)	Prec@1 90.625 (90.625)
 * Prec@1 78.209
Epoch: [57][0/126]	Time 3.402 (3.402)	Data 3.234 (3.234)	Loss 0.5007 (0.5007)	Prec@1 81.250 (81.250)
Epoch: [57][50/126]	Time 0.744 (0.360)	Data 0.584 (0.201)	Loss 0.3301 (0.4759)	Prec@1 87.500 (83.088)
Epoch: [57][100/126]	Time 0.166 (0.316)	Data 0.000 (0.158)	Loss 0.4084 (0.4734)	Prec@1 82.812 (83.679)
Test: [0/32]	Time 2.514 (2.514)	Loss 0.3574 (0.3574)	Prec@1 92.188 (92.188)
 * Prec@1 78.408
Epoch: [58][0/126]	Time 2.613 (2.613)	Data 2.447 (2.447)	Loss 0.4926 (0.4926)	Prec@1 81.250 (81.250)
Epoch: [58][50/126]	Time 2.272 (0.378)	Data 2.109 (0.219)	Loss 0.4753 (0.4683)	Prec@1 81.250 (83.456)
Epoch: [58][100/126]	Time 0.157 (0.303)	Data 0.000 (0.145)	Loss 0.3927 (0.4578)	Prec@1 82.812 (84.035)
Test: [0/32]	Time 2.102 (2.102)	Loss 0.5719 (0.5719)	Prec@1 79.688 (79.688)
 * Prec@1 78.756
Epoch: [59][0/126]	Time 3.129 (3.129)	Data 2.950 (2.950)	Loss 0.3270 (0.3270)	Prec@1 90.625 (90.625)
Epoch: [59][50/126]	Time 0.166 (0.366)	Data 0.000 (0.207)	Loss 0.3356 (0.4592)	Prec@1 87.500 (84.589)
Epoch: [59][100/126]	Time 0.169 (0.318)	Data 0.000 (0.155)	Loss 0.5416 (0.4657)	Prec@1 81.250 (84.112)
Test: [0/32]	Time 2.041 (2.041)	Loss 0.5591 (0.5591)	Prec@1 81.250 (81.250)
 * Prec@1 78.408
Epoch: [60][0/126]	Time 5.574 (5.574)	Data 5.417 (5.417)	Loss 0.4469 (0.4469)	Prec@1 84.375 (84.375)
Epoch: [60][50/126]	Time 0.166 (0.349)	Data 0.000 (0.189)	Loss 0.6087 (0.4669)	Prec@1 73.438 (83.578)
Epoch: [60][100/126]	Time 0.163 (0.325)	Data 0.000 (0.166)	Loss 0.4501 (0.4547)	Prec@1 87.500 (84.081)
Test: [0/32]	Time 2.098 (2.098)	Loss 0.3950 (0.3950)	Prec@1 90.625 (90.625)
 * Prec@1 79.900
Epoch: [61][0/126]	Time 3.397 (3.397)	Data 3.235 (3.235)	Loss 0.3349 (0.3349)	Prec@1 87.500 (87.500)
Epoch: [61][50/126]	Time 0.154 (0.360)	Data 0.000 (0.205)	Loss 0.6207 (0.4448)	Prec@1 76.562 (84.222)
Epoch: [61][100/126]	Time 0.153 (0.355)	Data 0.000 (0.201)	Loss 0.3201 (0.4480)	Prec@1 89.062 (84.576)
Test: [0/32]	Time 1.928 (1.928)	Loss 0.3800 (0.3800)	Prec@1 90.625 (90.625)
 * Prec@1 79.154
Epoch: [62][0/126]	Time 2.153 (2.153)	Data 1.983 (1.983)	Loss 0.3172 (0.3172)	Prec@1 89.062 (89.062)
Epoch: [62][50/126]	Time 0.156 (0.343)	Data 0.000 (0.187)	Loss 0.3140 (0.4288)	Prec@1 89.062 (84.926)
Epoch: [62][100/126]	Time 0.155 (0.315)	Data 0.000 (0.157)	Loss 0.5194 (0.4441)	Prec@1 79.688 (84.251)
Test: [0/32]	Time 1.998 (1.998)	Loss 0.3976 (0.3976)	Prec@1 90.625 (90.625)
 * Prec@1 79.204
Epoch: [63][0/126]	Time 2.934 (2.934)	Data 2.766 (2.766)	Loss 0.4307 (0.4307)	Prec@1 79.688 (79.688)
Epoch: [63][50/126]	Time 0.157 (0.351)	Data 0.000 (0.193)	Loss 0.4196 (0.4204)	Prec@1 90.625 (85.355)
Epoch: [63][100/126]	Time 0.156 (0.336)	Data 0.000 (0.179)	Loss 0.3710 (0.4337)	Prec@1 85.938 (84.793)
Test: [0/32]	Time 2.071 (2.071)	Loss 0.6901 (0.6901)	Prec@1 81.250 (81.250)
 * Prec@1 79.055
Epoch: [64][0/126]	Time 3.289 (3.289)	Data 3.113 (3.113)	Loss 0.3104 (0.3104)	Prec@1 87.500 (87.500)
Epoch: [64][50/126]	Time 0.994 (0.388)	Data 0.838 (0.229)	Loss 0.4099 (0.4189)	Prec@1 84.375 (85.417)
Epoch: [64][100/126]	Time 0.156 (0.341)	Data 0.000 (0.181)	Loss 0.5353 (0.4148)	Prec@1 78.125 (85.520)
Test: [0/32]	Time 2.359 (2.359)	Loss 0.5434 (0.5434)	Prec@1 85.938 (85.938)
 * Prec@1 79.303
Epoch: [65][0/126]	Time 2.746 (2.746)	Data 2.562 (2.562)	Loss 0.3377 (0.3377)	Prec@1 87.500 (87.500)
Epoch: [65][50/126]	Time 0.155 (0.363)	Data 0.000 (0.206)	Loss 0.3210 (0.4231)	Prec@1 92.188 (84.589)
Epoch: [65][100/126]	Time 0.154 (0.344)	Data 0.000 (0.186)	Loss 0.3729 (0.4353)	Prec@1 93.750 (84.174)
Test: [0/32]	Time 2.305 (2.305)	Loss 0.5411 (0.5411)	Prec@1 84.375 (84.375)
 * Prec@1 80.149
Epoch: [66][0/126]	Time 3.472 (3.472)	Data 3.300 (3.300)	Loss 0.4046 (0.4046)	Prec@1 87.500 (87.500)
Epoch: [66][50/126]	Time 2.019 (0.439)	Data 1.865 (0.283)	Loss 0.4846 (0.4139)	Prec@1 85.938 (85.202)
Epoch: [66][100/126]	Time 0.155 (0.344)	Data 0.000 (0.189)	Loss 0.2758 (0.4118)	Prec@1 87.500 (85.334)
Test: [0/32]	Time 2.316 (2.316)	Loss 0.4981 (0.4981)	Prec@1 84.375 (84.375)
 * Prec@1 79.900
Epoch: [67][0/126]	Time 3.217 (3.217)	Data 3.043 (3.043)	Loss 0.6470 (0.6470)	Prec@1 79.688 (79.688)
Epoch: [67][50/126]	Time 0.157 (0.304)	Data 0.000 (0.145)	Loss 0.3164 (0.4089)	Prec@1 93.750 (85.263)
Epoch: [67][100/126]	Time 0.156 (0.302)	Data 0.000 (0.143)	Loss 0.3603 (0.4269)	Prec@1 85.938 (84.514)
Test: [0/32]	Time 2.072 (2.072)	Loss 0.4695 (0.4695)	Prec@1 81.250 (81.250)
 * Prec@1 79.353
Epoch: [68][0/126]	Time 2.370 (2.370)	Data 2.203 (2.203)	Loss 0.3860 (0.3860)	Prec@1 87.500 (87.500)
Epoch: [68][50/126]	Time 1.606 (0.352)	Data 1.453 (0.195)	Loss 0.3803 (0.4322)	Prec@1 87.500 (84.896)
Epoch: [68][100/126]	Time 0.154 (0.322)	Data 0.000 (0.165)	Loss 0.3161 (0.4209)	Prec@1 85.938 (85.226)
Test: [0/32]	Time 2.697 (2.697)	Loss 0.4388 (0.4388)	Prec@1 85.938 (85.938)
 * Prec@1 79.602
Epoch: [69][0/126]	Time 1.860 (1.860)	Data 1.689 (1.689)	Loss 0.6828 (0.6828)	Prec@1 76.562 (76.562)
Epoch: [69][50/126]	Time 0.653 (0.323)	Data 0.498 (0.165)	Loss 0.2918 (0.4025)	Prec@1 92.188 (85.846)
Epoch: [69][100/126]	Time 0.156 (0.317)	Data 0.000 (0.161)	Loss 0.3732 (0.3980)	Prec@1 87.500 (85.644)
Test: [0/32]	Time 2.009 (2.009)	Loss 0.6322 (0.6322)	Prec@1 76.562 (76.562)
 * Prec@1 79.502
Epoch: [70][0/126]	Time 3.163 (3.163)	Data 3.002 (3.002)	Loss 0.4824 (0.4824)	Prec@1 84.375 (84.375)
Epoch: [70][50/126]	Time 0.159 (0.301)	Data 0.000 (0.144)	Loss 0.5165 (0.3934)	Prec@1 85.938 (86.275)
Epoch: [70][100/126]	Time 0.159 (0.314)	Data 0.000 (0.157)	Loss 0.3363 (0.3975)	Prec@1 90.625 (86.139)
Test: [0/32]	Time 2.554 (2.554)	Loss 0.3148 (0.3148)	Prec@1 90.625 (90.625)
 * Prec@1 79.552
Epoch: [71][0/126]	Time 2.358 (2.358)	Data 2.201 (2.201)	Loss 0.4579 (0.4579)	Prec@1 85.938 (85.938)
Epoch: [71][50/126]	Time 0.155 (0.329)	Data 0.000 (0.173)	Loss 0.2842 (0.4004)	Prec@1 84.375 (85.968)
Epoch: [71][100/126]	Time 0.156 (0.299)	Data 0.000 (0.143)	Loss 0.3042 (0.3983)	Prec@1 87.500 (86.092)
Test: [0/32]	Time 2.091 (2.091)	Loss 0.4501 (0.4501)	Prec@1 87.500 (87.500)
 * Prec@1 80.299
Epoch: [72][0/126]	Time 4.280 (4.280)	Data 4.107 (4.107)	Loss 0.3571 (0.3571)	Prec@1 89.062 (89.062)
Epoch: [72][50/126]	Time 0.159 (0.332)	Data 0.000 (0.173)	Loss 0.2365 (0.3852)	Prec@1 90.625 (86.489)
Epoch: [72][100/126]	Time 0.160 (0.317)	Data 0.000 (0.159)	Loss 0.4007 (0.4029)	Prec@1 89.062 (85.829)
Test: [0/32]	Time 2.248 (2.248)	Loss 0.4660 (0.4660)	Prec@1 90.625 (90.625)
 * Prec@1 79.950
Epoch: [73][0/126]	Time 2.579 (2.579)	Data 2.420 (2.420)	Loss 0.4721 (0.4721)	Prec@1 85.938 (85.938)
Epoch: [73][50/126]	Time 0.934 (0.326)	Data 0.778 (0.168)	Loss 0.3565 (0.3758)	Prec@1 87.500 (86.612)
Epoch: [73][100/126]	Time 0.157 (0.300)	Data 0.000 (0.141)	Loss 0.4685 (0.3833)	Prec@1 81.250 (86.402)
Test: [0/32]	Time 2.094 (2.094)	Loss 0.3978 (0.3978)	Prec@1 82.812 (82.812)
 * Prec@1 79.950
Epoch: [74][0/126]	Time 2.005 (2.005)	Data 1.827 (1.827)	Loss 0.3712 (0.3712)	Prec@1 87.500 (87.500)
Epoch: [74][50/126]	Time 0.156 (0.282)	Data 0.000 (0.125)	Loss 0.3209 (0.3882)	Prec@1 87.500 (86.305)
Epoch: [74][100/126]	Time 0.156 (0.290)	Data 0.000 (0.133)	Loss 0.3578 (0.3879)	Prec@1 81.250 (86.247)
Test: [0/32]	Time 2.166 (2.166)	Loss 0.4999 (0.4999)	Prec@1 87.500 (87.500)
 * Prec@1 78.657
Epoch: [75][0/126]	Time 1.306 (1.306)	Data 1.139 (1.139)	Loss 0.2391 (0.2391)	Prec@1 87.500 (87.500)
Epoch: [75][50/126]	Time 0.169 (0.341)	Data 0.000 (0.177)	Loss 0.4307 (0.3753)	Prec@1 85.938 (87.377)
Epoch: [75][100/126]	Time 0.157 (0.316)	Data 0.000 (0.154)	Loss 0.4024 (0.3757)	Prec@1 87.500 (86.989)
Test: [0/32]	Time 2.019 (2.019)	Loss 0.3490 (0.3490)	Prec@1 90.625 (90.625)
 * Prec@1 79.602
Epoch: [76][0/126]	Time 1.234 (1.234)	Data 1.078 (1.078)	Loss 0.4329 (0.4329)	Prec@1 78.125 (78.125)
Epoch: [76][50/126]	Time 0.634 (0.355)	Data 0.473 (0.196)	Loss 0.2680 (0.3677)	Prec@1 90.625 (86.581)
Epoch: [76][100/126]	Time 0.155 (0.312)	Data 0.000 (0.154)	Loss 0.4006 (0.3733)	Prec@1 85.938 (86.742)
Test: [0/32]	Time 2.133 (2.133)	Loss 0.3338 (0.3338)	Prec@1 90.625 (90.625)
 * Prec@1 80.348
Epoch: [77][0/126]	Time 1.876 (1.876)	Data 1.718 (1.718)	Loss 0.4324 (0.4324)	Prec@1 84.375 (84.375)
Epoch: [77][50/126]	Time 0.155 (0.336)	Data 0.000 (0.177)	Loss 0.4353 (0.3622)	Prec@1 90.625 (87.194)
Epoch: [77][100/126]	Time 0.156 (0.307)	Data 0.000 (0.151)	Loss 0.3681 (0.3736)	Prec@1 87.500 (86.835)
Test: [0/32]	Time 2.542 (2.542)	Loss 0.4134 (0.4134)	Prec@1 87.500 (87.500)
 * Prec@1 80.000
Epoch: [78][0/126]	Time 1.185 (1.185)	Data 1.029 (1.029)	Loss 0.3328 (0.3328)	Prec@1 90.625 (90.625)
Epoch: [78][50/126]	Time 0.156 (0.306)	Data 0.000 (0.150)	Loss 0.3192 (0.3461)	Prec@1 85.938 (87.837)
Epoch: [78][100/126]	Time 0.159 (0.304)	Data 0.000 (0.148)	Loss 0.3263 (0.3590)	Prec@1 90.625 (87.407)
Test: [0/32]	Time 2.044 (2.044)	Loss 0.4935 (0.4935)	Prec@1 84.375 (84.375)
 * Prec@1 80.448
Epoch: [79][0/126]	Time 2.587 (2.587)	Data 2.417 (2.417)	Loss 0.2519 (0.2519)	Prec@1 95.312 (95.312)
Epoch: [79][50/126]	Time 0.156 (0.375)	Data 0.000 (0.218)	Loss 0.2510 (0.3417)	Prec@1 90.625 (88.143)
Epoch: [79][100/126]	Time 0.156 (0.331)	Data 0.000 (0.174)	Loss 0.4599 (0.3492)	Prec@1 81.250 (87.407)
Test: [0/32]	Time 2.051 (2.051)	Loss 0.4093 (0.4093)	Prec@1 90.625 (90.625)
 * Prec@1 79.005
Epoch: [80][0/126]	Time 2.173 (2.173)	Data 1.988 (1.988)	Loss 0.2627 (0.2627)	Prec@1 89.062 (89.062)
Epoch: [80][50/126]	Time 0.156 (0.391)	Data 0.000 (0.232)	Loss 0.2610 (0.3708)	Prec@1 93.750 (86.857)
Epoch: [80][100/126]	Time 0.155 (0.325)	Data 0.000 (0.168)	Loss 0.1462 (0.3611)	Prec@1 96.875 (87.252)
Test: [0/32]	Time 2.789 (2.789)	Loss 0.3740 (0.3740)	Prec@1 85.938 (85.938)
 * Prec@1 80.000
Epoch: [81][0/126]	Time 2.824 (2.824)	Data 2.666 (2.666)	Loss 0.2377 (0.2377)	Prec@1 92.188 (92.188)
Epoch: [81][50/126]	Time 0.156 (0.346)	Data 0.000 (0.190)	Loss 0.4864 (0.3390)	Prec@1 87.500 (88.205)
Epoch: [81][100/126]	Time 0.159 (0.345)	Data 0.000 (0.188)	Loss 0.3702 (0.3439)	Prec@1 90.625 (88.165)
Test: [0/32]	Time 1.945 (1.945)	Loss 0.5198 (0.5198)	Prec@1 81.250 (81.250)
 * Prec@1 79.254
Epoch: [82][0/126]	Time 1.980 (1.980)	Data 1.690 (1.690)	Loss 0.3889 (0.3889)	Prec@1 85.938 (85.938)
Epoch: [82][50/126]	Time 0.156 (0.390)	Data 0.000 (0.233)	Loss 0.4186 (0.3342)	Prec@1 85.938 (88.450)
Epoch: [82][100/126]	Time 0.155 (0.337)	Data 0.000 (0.180)	Loss 0.3353 (0.3406)	Prec@1 89.062 (88.119)
Test: [0/32]	Time 2.345 (2.345)	Loss 0.4146 (0.4146)	Prec@1 85.938 (85.938)
 * Prec@1 80.050
Epoch: [83][0/126]	Time 1.396 (1.396)	Data 1.238 (1.238)	Loss 0.2990 (0.2990)	Prec@1 92.188 (92.188)
Epoch: [83][50/126]	Time 0.157 (0.345)	Data 0.000 (0.188)	Loss 0.4686 (0.3650)	Prec@1 82.812 (87.408)
Epoch: [83][100/126]	Time 0.800 (0.312)	Data 0.645 (0.154)	Loss 0.2527 (0.3442)	Prec@1 89.062 (87.995)
Test: [0/32]	Time 2.045 (2.045)	Loss 0.5266 (0.5266)	Prec@1 84.375 (84.375)
 * Prec@1 80.000
Epoch: [84][0/126]	Time 2.518 (2.518)	Data 2.341 (2.341)	Loss 0.3733 (0.3733)	Prec@1 84.375 (84.375)
Epoch: [84][50/126]	Time 0.157 (0.325)	Data 0.000 (0.167)	Loss 0.3642 (0.3347)	Prec@1 92.188 (88.388)
Epoch: [84][100/126]	Time 0.160 (0.297)	Data 0.000 (0.140)	Loss 0.3497 (0.3420)	Prec@1 89.062 (88.088)
Test: [0/32]	Time 2.673 (2.673)	Loss 0.3806 (0.3806)	Prec@1 85.938 (85.938)
 * Prec@1 80.299
Epoch: [85][0/126]	Time 3.961 (3.961)	Data 3.803 (3.803)	Loss 0.2550 (0.2550)	Prec@1 90.625 (90.625)
Epoch: [85][50/126]	Time 0.158 (0.332)	Data 0.000 (0.175)	Loss 0.2371 (0.3516)	Prec@1 90.625 (88.205)
Epoch: [85][100/126]	Time 0.160 (0.301)	Data 0.000 (0.145)	Loss 0.3531 (0.3467)	Prec@1 87.500 (88.134)
Test: [0/32]	Time 2.162 (2.162)	Loss 0.4621 (0.4621)	Prec@1 87.500 (87.500)
 * Prec@1 80.796
Epoch: [86][0/126]	Time 2.565 (2.565)	Data 2.397 (2.397)	Loss 0.2068 (0.2068)	Prec@1 92.188 (92.188)
Epoch: [86][50/126]	Time 0.155 (0.326)	Data 0.000 (0.169)	Loss 0.3834 (0.3444)	Prec@1 85.938 (87.898)
Epoch: [86][100/126]	Time 0.513 (0.321)	Data 0.356 (0.165)	Loss 0.3400 (0.3397)	Prec@1 87.500 (87.701)
Test: [0/32]	Time 2.039 (2.039)	Loss 0.4334 (0.4334)	Prec@1 90.625 (90.625)
 * Prec@1 80.249
Epoch: [87][0/126]	Time 2.284 (2.284)	Data 2.123 (2.123)	Loss 0.4378 (0.4378)	Prec@1 84.375 (84.375)
Epoch: [87][50/126]	Time 0.154 (0.413)	Data 0.000 (0.258)	Loss 0.2533 (0.3404)	Prec@1 92.188 (88.174)
Epoch: [87][100/126]	Time 0.153 (0.350)	Data 0.000 (0.195)	Loss 0.2650 (0.3354)	Prec@1 92.188 (88.134)
Test: [0/32]	Time 2.231 (2.231)	Loss 0.4243 (0.4243)	Prec@1 87.500 (87.500)
 * Prec@1 80.647
Epoch: [88][0/126]	Time 2.391 (2.391)	Data 2.222 (2.222)	Loss 0.3646 (0.3646)	Prec@1 85.938 (85.938)
Epoch: [88][50/126]	Time 0.156 (0.363)	Data 0.000 (0.206)	Loss 0.3446 (0.3137)	Prec@1 92.188 (88.725)
Epoch: [88][100/126]	Time 0.157 (0.320)	Data 0.000 (0.163)	Loss 0.3050 (0.3255)	Prec@1 92.188 (88.397)
Test: [0/32]	Time 2.243 (2.243)	Loss 0.5523 (0.5523)	Prec@1 85.938 (85.938)
 * Prec@1 79.851
Epoch: [89][0/126]	Time 2.276 (2.276)	Data 2.117 (2.117)	Loss 0.3577 (0.3577)	Prec@1 87.500 (87.500)
Epoch: [89][50/126]	Time 0.158 (0.331)	Data 0.000 (0.174)	Loss 0.3535 (0.3141)	Prec@1 89.062 (89.032)
Epoch: [89][100/126]	Time 0.157 (0.318)	Data 0.000 (0.160)	Loss 0.3933 (0.3222)	Prec@1 87.500 (88.784)
Test: [0/32]	Time 2.754 (2.754)	Loss 0.4218 (0.4218)	Prec@1 85.938 (85.938)
 * Prec@1 78.607
Epoch: [90][0/126]	Time 1.318 (1.318)	Data 1.145 (1.145)	Loss 0.2645 (0.2645)	Prec@1 90.625 (90.625)
Epoch: [90][50/126]	Time 0.160 (0.304)	Data 0.000 (0.142)	Loss 0.2619 (0.2914)	Prec@1 89.062 (90.074)
Epoch: [90][100/126]	Time 0.675 (0.314)	Data 0.513 (0.155)	Loss 0.3715 (0.3130)	Prec@1 87.500 (89.047)
Test: [0/32]	Time 1.929 (1.929)	Loss 0.5779 (0.5779)	Prec@1 85.938 (85.938)
 * Prec@1 80.498
Epoch: [91][0/126]	Time 3.704 (3.704)	Data 3.542 (3.542)	Loss 0.3907 (0.3907)	Prec@1 81.250 (81.250)
Epoch: [91][50/126]	Time 0.155 (0.365)	Data 0.000 (0.208)	Loss 0.3354 (0.3120)	Prec@1 89.062 (89.216)
Epoch: [91][100/126]	Time 0.156 (0.310)	Data 0.000 (0.153)	Loss 0.3839 (0.3253)	Prec@1 84.375 (88.769)
Test: [0/32]	Time 1.978 (1.978)	Loss 0.2745 (0.2745)	Prec@1 89.062 (89.062)
 * Prec@1 79.502
Epoch: [92][0/126]	Time 1.195 (1.195)	Data 1.007 (1.007)	Loss 0.2448 (0.2448)	Prec@1 92.188 (92.188)
Epoch: [92][50/126]	Time 0.154 (0.321)	Data 0.000 (0.163)	Loss 0.3990 (0.2952)	Prec@1 85.938 (89.369)
Epoch: [92][100/126]	Time 0.155 (0.303)	Data 0.000 (0.147)	Loss 0.2194 (0.2971)	Prec@1 90.625 (89.496)
Test: [0/32]	Time 2.237 (2.237)	Loss 0.7075 (0.7075)	Prec@1 79.688 (79.688)
 * Prec@1 81.095
Epoch: [93][0/126]	Time 4.080 (4.080)	Data 3.914 (3.914)	Loss 0.2885 (0.2885)	Prec@1 92.188 (92.188)
Epoch: [93][50/126]	Time 0.167 (0.352)	Data 0.000 (0.188)	Loss 0.3077 (0.3054)	Prec@1 90.625 (89.154)
Epoch: [93][100/126]	Time 0.156 (0.332)	Data 0.000 (0.171)	Loss 0.4701 (0.3084)	Prec@1 82.812 (89.217)
Test: [0/32]	Time 1.996 (1.996)	Loss 0.5551 (0.5551)	Prec@1 82.812 (82.812)
 * Prec@1 80.100
Epoch: [94][0/126]	Time 1.650 (1.650)	Data 1.491 (1.491)	Loss 0.2947 (0.2947)	Prec@1 90.625 (90.625)
Epoch: [94][50/126]	Time 0.155 (0.362)	Data 0.000 (0.206)	Loss 0.3328 (0.2984)	Prec@1 89.062 (89.216)
Epoch: [94][100/126]	Time 1.903 (0.335)	Data 1.740 (0.179)	Loss 0.3226 (0.3049)	Prec@1 90.625 (89.109)
Test: [0/32]	Time 1.889 (1.889)	Loss 0.6341 (0.6341)	Prec@1 82.812 (82.812)
 * Prec@1 80.249
Epoch: [95][0/126]	Time 1.829 (1.829)	Data 1.671 (1.671)	Loss 0.3914 (0.3914)	Prec@1 85.938 (85.938)
Epoch: [95][50/126]	Time 0.157 (0.330)	Data 0.000 (0.172)	Loss 0.3196 (0.3174)	Prec@1 92.188 (88.511)
Epoch: [95][100/126]	Time 0.156 (0.315)	Data 0.000 (0.158)	Loss 0.3048 (0.3066)	Prec@1 87.500 (88.861)
Test: [0/32]	Time 2.018 (2.018)	Loss 0.3472 (0.3472)	Prec@1 92.188 (92.188)
 * Prec@1 79.005
Epoch: [96][0/126]	Time 2.052 (2.052)	Data 1.885 (1.885)	Loss 0.3291 (0.3291)	Prec@1 89.062 (89.062)
Epoch: [96][50/126]	Time 0.156 (0.322)	Data 0.000 (0.166)	Loss 0.1326 (0.2926)	Prec@1 98.438 (89.675)
Epoch: [96][100/126]	Time 0.156 (0.309)	Data 0.000 (0.152)	Loss 0.2497 (0.2994)	Prec@1 89.062 (89.202)
Test: [0/32]	Time 2.024 (2.024)	Loss 0.3969 (0.3969)	Prec@1 90.625 (90.625)
 * Prec@1 80.498
Epoch: [97][0/126]	Time 2.182 (2.182)	Data 2.023 (2.023)	Loss 0.3067 (0.3067)	Prec@1 90.625 (90.625)
Epoch: [97][50/126]	Time 0.154 (0.402)	Data 0.000 (0.243)	Loss 0.2194 (0.2960)	Prec@1 92.188 (89.553)
Epoch: [97][100/126]	Time 0.167 (0.343)	Data 0.000 (0.185)	Loss 0.3105 (0.2955)	Prec@1 85.938 (89.403)
Test: [0/32]	Time 2.114 (2.114)	Loss 0.5181 (0.5181)	Prec@1 85.938 (85.938)
 * Prec@1 79.552
Epoch: [98][0/126]	Time 2.102 (2.102)	Data 1.942 (1.942)	Loss 0.1556 (0.1556)	Prec@1 95.312 (95.312)
Epoch: [98][50/126]	Time 0.155 (0.385)	Data 0.000 (0.228)	Loss 0.2550 (0.2815)	Prec@1 90.625 (90.349)
Epoch: [98][100/126]	Time 0.156 (0.340)	Data 0.000 (0.184)	Loss 0.3596 (0.2887)	Prec@1 87.500 (90.176)
Test: [0/32]	Time 2.396 (2.396)	Loss 0.4823 (0.4823)	Prec@1 87.500 (87.500)
 * Prec@1 79.254
Epoch: [99][0/126]	Time 3.515 (3.515)	Data 3.344 (3.344)	Loss 0.3013 (0.3013)	Prec@1 92.188 (92.188)
Epoch: [99][50/126]	Time 0.155 (0.348)	Data 0.000 (0.192)	Loss 0.2847 (0.2871)	Prec@1 87.500 (89.798)
Epoch: [99][100/126]	Time 0.156 (0.296)	Data 0.000 (0.140)	Loss 0.2751 (0.2930)	Prec@1 87.500 (89.434)
Test: [0/32]	Time 2.144 (2.144)	Loss 0.5097 (0.5097)	Prec@1 85.938 (85.938)
 * Prec@1 79.204
Epoch: [100][0/126]	Time 3.184 (3.184)	Data 3.006 (3.006)	Loss 0.0745 (0.0745)	Prec@1 98.438 (98.438)
Epoch: [100][50/126]	Time 1.394 (0.383)	Data 1.239 (0.219)	Loss 0.2148 (0.2704)	Prec@1 92.188 (90.686)
Epoch: [100][100/126]	Time 0.156 (0.309)	Data 0.000 (0.149)	Loss 0.1592 (0.2658)	Prec@1 93.750 (90.996)
Test: [0/32]	Time 1.996 (1.996)	Loss 0.3775 (0.3775)	Prec@1 90.625 (90.625)
 * Prec@1 80.448
Epoch: [101][0/126]	Time 2.767 (2.767)	Data 2.599 (2.599)	Loss 0.1425 (0.1425)	Prec@1 95.312 (95.312)
Epoch: [101][50/126]	Time 0.157 (0.343)	Data 0.000 (0.185)	Loss 0.2689 (0.2582)	Prec@1 93.750 (90.870)
Epoch: [101][100/126]	Time 0.155 (0.323)	Data 0.000 (0.166)	Loss 0.3997 (0.2593)	Prec@1 82.812 (90.873)
Test: [0/32]	Time 2.085 (2.085)	Loss 0.4763 (0.4763)	Prec@1 85.938 (85.938)
 * Prec@1 80.945
Epoch: [102][0/126]	Time 2.253 (2.253)	Data 2.089 (2.089)	Loss 0.2102 (0.2102)	Prec@1 92.188 (92.188)
Epoch: [102][50/126]	Time 0.155 (0.334)	Data 0.000 (0.178)	Loss 0.1847 (0.2606)	Prec@1 96.875 (91.360)
Epoch: [102][100/126]	Time 0.156 (0.305)	Data 0.000 (0.148)	Loss 0.2744 (0.2588)	Prec@1 90.625 (91.368)
Test: [0/32]	Time 1.829 (1.829)	Loss 0.5374 (0.5374)	Prec@1 84.375 (84.375)
 * Prec@1 80.896
Epoch: [103][0/126]	Time 1.789 (1.789)	Data 1.631 (1.631)	Loss 0.1969 (0.1969)	Prec@1 95.312 (95.312)
Epoch: [103][50/126]	Time 0.156 (0.342)	Data 0.000 (0.183)	Loss 0.1974 (0.2435)	Prec@1 93.750 (91.850)
Epoch: [103][100/126]	Time 0.156 (0.314)	Data 0.000 (0.156)	Loss 0.2278 (0.2452)	Prec@1 89.062 (91.553)
Test: [0/32]	Time 2.158 (2.158)	Loss 0.3526 (0.3526)	Prec@1 89.062 (89.062)
 * Prec@1 80.597
Epoch: [104][0/126]	Time 3.106 (3.106)	Data 2.945 (2.945)	Loss 0.3579 (0.3579)	Prec@1 90.625 (90.625)
Epoch: [104][50/126]	Time 0.153 (0.352)	Data 0.000 (0.196)	Loss 0.2454 (0.2512)	Prec@1 92.188 (91.085)
Epoch: [104][100/126]	Time 0.156 (0.300)	Data 0.000 (0.145)	Loss 0.3142 (0.2516)	Prec@1 87.500 (91.321)
Test: [0/32]	Time 1.919 (1.919)	Loss 0.5054 (0.5054)	Prec@1 84.375 (84.375)
 * Prec@1 80.995
Epoch: [105][0/126]	Time 1.568 (1.568)	Data 1.370 (1.370)	Loss 0.2478 (0.2478)	Prec@1 89.062 (89.062)
Epoch: [105][50/126]	Time 0.156 (0.334)	Data 0.000 (0.176)	Loss 0.1177 (0.2337)	Prec@1 100.000 (91.942)
Epoch: [105][100/126]	Time 0.155 (0.297)	Data 0.000 (0.140)	Loss 0.2977 (0.2483)	Prec@1 84.375 (91.306)
Test: [0/32]	Time 2.086 (2.086)	Loss 0.6001 (0.6001)	Prec@1 81.250 (81.250)
 * Prec@1 82.040
Epoch: [106][0/126]	Time 2.945 (2.945)	Data 2.777 (2.777)	Loss 0.3536 (0.3536)	Prec@1 84.375 (84.375)
Epoch: [106][50/126]	Time 0.486 (0.351)	Data 0.329 (0.194)	Loss 0.1667 (0.2575)	Prec@1 98.438 (90.165)
Epoch: [106][100/126]	Time 0.160 (0.303)	Data 0.000 (0.147)	Loss 0.1104 (0.2464)	Prec@1 96.875 (91.105)
Test: [0/32]	Time 2.042 (2.042)	Loss 0.3689 (0.3689)	Prec@1 90.625 (90.625)
 * Prec@1 81.393
Epoch: [107][0/126]	Time 1.119 (1.119)	Data 0.950 (0.950)	Loss 0.2599 (0.2599)	Prec@1 95.312 (95.312)
Epoch: [107][50/126]	Time 0.154 (0.330)	Data 0.000 (0.174)	Loss 0.1948 (0.2405)	Prec@1 95.312 (91.912)
Epoch: [107][100/126]	Time 0.154 (0.309)	Data 0.000 (0.154)	Loss 0.2587 (0.2479)	Prec@1 92.188 (91.723)
Test: [0/32]	Time 2.076 (2.076)	Loss 0.4947 (0.4947)	Prec@1 85.938 (85.938)
 * Prec@1 81.095
Epoch: [108][0/126]	Time 3.354 (3.354)	Data 3.186 (3.186)	Loss 0.1829 (0.1829)	Prec@1 95.312 (95.312)
Epoch: [108][50/126]	Time 0.157 (0.331)	Data 0.000 (0.174)	Loss 0.1879 (0.2367)	Prec@1 95.312 (91.759)
Epoch: [108][100/126]	Time 0.155 (0.313)	Data 0.000 (0.156)	Loss 0.1694 (0.2408)	Prec@1 92.188 (91.723)
Test: [0/32]	Time 2.020 (2.020)	Loss 0.3723 (0.3723)	Prec@1 92.188 (92.188)
 * Prec@1 81.493
Epoch: [109][0/126]	Time 1.819 (1.819)	Data 1.656 (1.656)	Loss 0.1971 (0.1971)	Prec@1 95.312 (95.312)
Epoch: [109][50/126]	Time 0.812 (0.335)	Data 0.652 (0.178)	Loss 0.2369 (0.2282)	Prec@1 90.625 (92.188)
Epoch: [109][100/126]	Time 0.157 (0.295)	Data 0.000 (0.138)	Loss 0.2108 (0.2332)	Prec@1 95.312 (91.940)
Test: [0/32]	Time 1.990 (1.990)	Loss 0.3837 (0.3837)	Prec@1 90.625 (90.625)
 * Prec@1 80.746
Epoch: [110][0/126]	Time 2.352 (2.352)	Data 2.179 (2.179)	Loss 0.3286 (0.3286)	Prec@1 85.938 (85.938)
Epoch: [110][50/126]	Time 0.156 (0.334)	Data 0.000 (0.176)	Loss 0.2213 (0.2426)	Prec@1 92.188 (91.238)
Epoch: [110][100/126]	Time 0.996 (0.303)	Data 0.839 (0.145)	Loss 0.2853 (0.2456)	Prec@1 87.500 (91.166)
Test: [0/32]	Time 2.061 (2.061)	Loss 0.5062 (0.5062)	Prec@1 87.500 (87.500)
 * Prec@1 81.692
Epoch: [111][0/126]	Time 2.643 (2.643)	Data 2.485 (2.485)	Loss 0.3088 (0.3088)	Prec@1 82.812 (82.812)
Epoch: [111][50/126]	Time 0.155 (0.404)	Data 0.000 (0.249)	Loss 0.1414 (0.2401)	Prec@1 96.875 (91.483)
Epoch: [111][100/126]	Time 0.155 (0.352)	Data 0.000 (0.196)	Loss 0.1373 (0.2373)	Prec@1 96.875 (91.832)
Test: [0/32]	Time 2.044 (2.044)	Loss 0.5399 (0.5399)	Prec@1 87.500 (87.500)
 * Prec@1 81.194
Epoch: [112][0/126]	Time 3.530 (3.530)	Data 3.360 (3.360)	Loss 0.1664 (0.1664)	Prec@1 95.312 (95.312)
Epoch: [112][50/126]	Time 0.159 (0.346)	Data 0.000 (0.189)	Loss 0.2640 (0.2598)	Prec@1 90.625 (91.146)
Epoch: [112][100/126]	Time 0.156 (0.299)	Data 0.000 (0.143)	Loss 0.3437 (0.2506)	Prec@1 90.625 (91.352)
Test: [0/32]	Time 2.861 (2.861)	Loss 0.5642 (0.5642)	Prec@1 76.562 (76.562)
 * Prec@1 80.498
Epoch: [113][0/126]	Time 1.337 (1.337)	Data 1.167 (1.167)	Loss 0.2817 (0.2817)	Prec@1 90.625 (90.625)
Epoch: [113][50/126]	Time 0.155 (0.356)	Data 0.000 (0.198)	Loss 0.2382 (0.2458)	Prec@1 92.188 (91.483)
Epoch: [113][100/126]	Time 0.156 (0.316)	Data 0.000 (0.158)	Loss 0.2717 (0.2486)	Prec@1 92.188 (91.306)
Test: [0/32]	Time 2.111 (2.111)	Loss 0.5703 (0.5703)	Prec@1 82.812 (82.812)
 * Prec@1 80.945
Epoch: [114][0/126]	Time 2.653 (2.653)	Data 2.475 (2.475)	Loss 0.0733 (0.0733)	Prec@1 98.438 (98.438)
Epoch: [114][50/126]	Time 0.156 (0.359)	Data 0.000 (0.198)	Loss 0.2678 (0.2305)	Prec@1 85.938 (92.188)
Epoch: [114][100/126]	Time 0.157 (0.317)	Data 0.000 (0.158)	Loss 0.2442 (0.2396)	Prec@1 90.625 (92.017)
Test: [0/32]	Time 2.121 (2.121)	Loss 0.4866 (0.4866)	Prec@1 89.062 (89.062)
 * Prec@1 81.294
Epoch: [115][0/126]	Time 2.056 (2.056)	Data 1.893 (1.893)	Loss 0.1586 (0.1586)	Prec@1 93.750 (93.750)
Epoch: [115][50/126]	Time 0.155 (0.342)	Data 0.000 (0.186)	Loss 0.2863 (0.2473)	Prec@1 89.062 (91.391)
Epoch: [115][100/126]	Time 1.253 (0.315)	Data 1.098 (0.159)	Loss 0.1807 (0.2409)	Prec@1 93.750 (91.569)
Test: [0/32]	Time 2.196 (2.196)	Loss 0.5964 (0.5964)	Prec@1 85.938 (85.938)
 * Prec@1 81.095
Epoch: [116][0/126]	Time 1.898 (1.898)	Data 1.738 (1.738)	Loss 0.1872 (0.1872)	Prec@1 93.750 (93.750)
Epoch: [116][50/126]	Time 0.157 (0.325)	Data 0.000 (0.167)	Loss 0.1345 (0.2415)	Prec@1 93.750 (91.422)
Epoch: [116][100/126]	Time 0.157 (0.296)	Data 0.000 (0.139)	Loss 0.3178 (0.2500)	Prec@1 89.062 (91.228)
Test: [0/32]	Time 2.483 (2.483)	Loss 0.5250 (0.5250)	Prec@1 84.375 (84.375)
 * Prec@1 80.000
Epoch: [117][0/126]	Time 2.352 (2.352)	Data 2.172 (2.172)	Loss 0.1783 (0.1783)	Prec@1 95.312 (95.312)
Epoch: [117][50/126]	Time 0.155 (0.353)	Data 0.000 (0.196)	Loss 0.3209 (0.2374)	Prec@1 87.500 (92.004)
Epoch: [117][100/126]	Time 0.155 (0.297)	Data 0.000 (0.141)	Loss 0.1547 (0.2312)	Prec@1 93.750 (92.079)
Test: [0/32]	Time 2.101 (2.101)	Loss 0.5424 (0.5424)	Prec@1 84.375 (84.375)
 * Prec@1 81.443
Epoch: [118][0/126]	Time 2.156 (2.156)	Data 1.992 (1.992)	Loss 0.3964 (0.3964)	Prec@1 85.938 (85.938)
Epoch: [118][50/126]	Time 0.165 (0.347)	Data 0.000 (0.191)	Loss 0.1722 (0.2380)	Prec@1 92.188 (91.636)
Epoch: [118][100/126]	Time 0.160 (0.310)	Data 0.000 (0.154)	Loss 0.2484 (0.2359)	Prec@1 92.188 (91.925)
Test: [0/32]	Time 2.193 (2.193)	Loss 0.5390 (0.5390)	Prec@1 89.062 (89.062)
 * Prec@1 81.940
Epoch: [119][0/126]	Time 2.021 (2.021)	Data 1.845 (1.845)	Loss 0.2613 (0.2613)	Prec@1 92.188 (92.188)
Epoch: [119][50/126]	Time 0.428 (0.323)	Data 0.273 (0.163)	Loss 0.2129 (0.2509)	Prec@1 95.312 (91.023)
Epoch: [119][100/126]	Time 0.154 (0.308)	Data 0.000 (0.150)	Loss 0.2651 (0.2394)	Prec@1 92.188 (91.538)
Test: [0/32]	Time 2.188 (2.188)	Loss 0.4085 (0.4085)	Prec@1 89.062 (89.062)
 * Prec@1 81.443
Epoch: [120][0/126]	Time 1.061 (1.061)	Data 0.901 (0.901)	Loss 0.2283 (0.2283)	Prec@1 89.062 (89.062)
Epoch: [120][50/126]	Time 0.163 (0.358)	Data 0.000 (0.193)	Loss 0.2664 (0.2366)	Prec@1 90.625 (91.544)
Epoch: [120][100/126]	Time 0.156 (0.316)	Data 0.000 (0.155)	Loss 0.5214 (0.2374)	Prec@1 82.812 (91.584)
Test: [0/32]	Time 2.021 (2.021)	Loss 0.5545 (0.5545)	Prec@1 85.938 (85.938)
 * Prec@1 81.642
Epoch: [121][0/126]	Time 1.524 (1.524)	Data 1.356 (1.356)	Loss 0.2256 (0.2256)	Prec@1 93.750 (93.750)
Epoch: [121][50/126]	Time 0.155 (0.356)	Data 0.000 (0.199)	Loss 0.2574 (0.2512)	Prec@1 93.750 (91.330)
Epoch: [121][100/126]	Time 0.166 (0.317)	Data 0.000 (0.157)	Loss 0.2868 (0.2385)	Prec@1 89.062 (91.631)
Test: [0/32]	Time 2.228 (2.228)	Loss 0.5363 (0.5363)	Prec@1 84.375 (84.375)
 * Prec@1 81.493
Epoch: [122][0/126]	Time 3.227 (3.227)	Data 3.058 (3.058)	Loss 0.2343 (0.2343)	Prec@1 93.750 (93.750)
Epoch: [122][50/126]	Time 0.170 (0.357)	Data 0.000 (0.198)	Loss 0.1956 (0.2271)	Prec@1 93.750 (91.881)
Epoch: [122][100/126]	Time 0.339 (0.330)	Data 0.184 (0.172)	Loss 0.3276 (0.2305)	Prec@1 85.938 (91.723)
Test: [0/32]	Time 2.548 (2.548)	Loss 0.5492 (0.5492)	Prec@1 84.375 (84.375)
 * Prec@1 81.891
Epoch: [123][0/126]	Time 2.707 (2.707)	Data 2.526 (2.526)	Loss 0.2214 (0.2214)	Prec@1 90.625 (90.625)
Epoch: [123][50/126]	Time 0.158 (0.347)	Data 0.000 (0.185)	Loss 0.2449 (0.2385)	Prec@1 92.188 (91.575)
Epoch: [123][100/126]	Time 0.156 (0.328)	Data 0.000 (0.169)	Loss 0.3221 (0.2278)	Prec@1 85.938 (92.373)
Test: [0/32]	Time 2.012 (2.012)	Loss 0.4505 (0.4505)	Prec@1 89.062 (89.062)
 * Prec@1 81.393
Epoch: [124][0/126]	Time 3.034 (3.034)	Data 2.865 (2.865)	Loss 0.1777 (0.1777)	Prec@1 93.750 (93.750)
Epoch: [124][50/126]	Time 0.158 (0.358)	Data 0.000 (0.198)	Loss 0.1856 (0.2463)	Prec@1 93.750 (91.575)
Epoch: [124][100/126]	Time 0.155 (0.318)	Data 0.000 (0.160)	Loss 0.3257 (0.2438)	Prec@1 90.625 (91.491)
Test: [0/32]	Time 2.122 (2.122)	Loss 0.4506 (0.4506)	Prec@1 89.062 (89.062)
 * Prec@1 81.045
Epoch: [125][0/126]	Time 1.399 (1.399)	Data 1.224 (1.224)	Loss 0.1487 (0.1487)	Prec@1 95.312 (95.312)
Epoch: [125][50/126]	Time 0.849 (0.352)	Data 0.694 (0.195)	Loss 0.2725 (0.2284)	Prec@1 87.500 (91.973)
Epoch: [125][100/126]	Time 0.165 (0.305)	Data 0.000 (0.148)	Loss 0.1750 (0.2327)	Prec@1 93.750 (92.188)
Test: [0/32]	Time 1.961 (1.961)	Loss 0.5051 (0.5051)	Prec@1 84.375 (84.375)
 * Prec@1 81.493
Epoch: [126][0/126]	Time 1.652 (1.652)	Data 1.474 (1.474)	Loss 0.1850 (0.1850)	Prec@1 95.312 (95.312)
Epoch: [126][50/126]	Time 0.169 (0.376)	Data 0.000 (0.218)	Loss 0.1791 (0.2307)	Prec@1 93.750 (92.065)
Epoch: [126][100/126]	Time 0.156 (0.331)	Data 0.000 (0.174)	Loss 0.3321 (0.2342)	Prec@1 89.062 (91.940)
Test: [0/32]	Time 2.216 (2.216)	Loss 0.4836 (0.4836)	Prec@1 85.938 (85.938)
 * Prec@1 81.095
Epoch: [127][0/126]	Time 2.425 (2.425)	Data 2.265 (2.265)	Loss 0.2356 (0.2356)	Prec@1 93.750 (93.750)
Epoch: [127][50/126]	Time 0.167 (0.354)	Data 0.000 (0.196)	Loss 0.2339 (0.2293)	Prec@1 87.500 (92.034)
Epoch: [127][100/126]	Time 0.156 (0.327)	Data 0.000 (0.166)	Loss 0.1383 (0.2285)	Prec@1 98.438 (92.280)
Test: [0/32]	Time 2.129 (2.129)	Loss 0.5157 (0.5157)	Prec@1 87.500 (87.500)
 * Prec@1 80.547
Epoch: [128][0/126]	Time 1.967 (1.967)	Data 1.791 (1.791)	Loss 0.1627 (0.1627)	Prec@1 93.750 (93.750)
Epoch: [128][50/126]	Time 0.576 (0.322)	Data 0.420 (0.163)	Loss 0.2665 (0.2313)	Prec@1 87.500 (92.065)
Epoch: [128][100/126]	Time 0.159 (0.321)	Data 0.000 (0.163)	Loss 0.2028 (0.2394)	Prec@1 89.062 (91.739)
Test: [0/32]	Time 2.127 (2.127)	Loss 0.5165 (0.5165)	Prec@1 84.375 (84.375)
 * Prec@1 81.791
Epoch: [129][0/126]	Time 1.625 (1.625)	Data 1.459 (1.459)	Loss 0.1990 (0.1990)	Prec@1 95.312 (95.312)
Epoch: [129][50/126]	Time 0.155 (0.336)	Data 0.000 (0.178)	Loss 0.2601 (0.2364)	Prec@1 92.188 (91.728)
Epoch: [129][100/126]	Time 0.156 (0.331)	Data 0.000 (0.174)	Loss 0.2190 (0.2305)	Prec@1 90.625 (92.079)
Test: [0/32]	Time 2.114 (2.114)	Loss 0.5368 (0.5368)	Prec@1 84.375 (84.375)
 * Prec@1 81.692
Epoch: [130][0/126]	Time 3.095 (3.095)	Data 2.927 (2.927)	Loss 0.2012 (0.2012)	Prec@1 96.875 (96.875)
Epoch: [130][50/126]	Time 0.167 (0.400)	Data 0.000 (0.239)	Loss 0.2853 (0.2300)	Prec@1 89.062 (91.912)
Epoch: [130][100/126]	Time 0.156 (0.366)	Data 0.000 (0.205)	Loss 0.1412 (0.2337)	Prec@1 98.438 (91.723)
Test: [0/32]	Time 2.020 (2.020)	Loss 0.5754 (0.5754)	Prec@1 84.375 (84.375)
 * Prec@1 81.990
Epoch: [131][0/126]	Time 2.093 (2.093)	Data 1.933 (1.933)	Loss 0.2492 (0.2492)	Prec@1 93.750 (93.750)
Epoch: [131][50/126]	Time 2.030 (0.357)	Data 1.864 (0.195)	Loss 0.1582 (0.2129)	Prec@1 96.875 (92.708)
Epoch: [131][100/126]	Time 0.157 (0.302)	Data 0.000 (0.141)	Loss 0.2820 (0.2280)	Prec@1 87.500 (92.435)
Test: [0/32]	Time 2.017 (2.017)	Loss 0.5512 (0.5512)	Prec@1 85.938 (85.938)
 * Prec@1 81.443
Epoch: [132][0/126]	Time 3.094 (3.094)	Data 2.926 (2.926)	Loss 0.2551 (0.2551)	Prec@1 89.062 (89.062)
Epoch: [132][50/126]	Time 1.716 (0.352)	Data 1.561 (0.196)	Loss 0.1165 (0.2179)	Prec@1 96.875 (93.045)
Epoch: [132][100/126]	Time 0.160 (0.303)	Data 0.000 (0.147)	Loss 0.2315 (0.2195)	Prec@1 92.188 (92.698)
Test: [0/32]	Time 2.212 (2.212)	Loss 0.4905 (0.4905)	Prec@1 87.500 (87.500)
 * Prec@1 80.995
Epoch: [133][0/126]	Time 1.168 (1.168)	Data 0.986 (0.986)	Loss 0.2790 (0.2790)	Prec@1 90.625 (90.625)
Epoch: [133][50/126]	Time 0.156 (0.369)	Data 0.000 (0.209)	Loss 0.2077 (0.2443)	Prec@1 93.750 (91.268)
Epoch: [133][100/126]	Time 0.161 (0.323)	Data 0.000 (0.166)	Loss 0.3349 (0.2342)	Prec@1 90.625 (91.692)
Test: [0/32]	Time 2.011 (2.011)	Loss 0.5300 (0.5300)	Prec@1 87.500 (87.500)
 * Prec@1 81.393
Epoch: [134][0/126]	Time 2.734 (2.734)	Data 2.578 (2.578)	Loss 0.1961 (0.1961)	Prec@1 93.750 (93.750)
Epoch: [134][50/126]	Time 0.155 (0.360)	Data 0.000 (0.205)	Loss 0.1080 (0.2335)	Prec@1 98.438 (92.249)
Epoch: [134][100/126]	Time 0.155 (0.335)	Data 0.000 (0.179)	Loss 0.1480 (0.2254)	Prec@1 92.188 (92.064)
Test: [0/32]	Time 2.049 (2.049)	Loss 0.4828 (0.4828)	Prec@1 84.375 (84.375)
 * Prec@1 81.095
Epoch: [135][0/126]	Time 5.282 (5.282)	Data 5.117 (5.117)	Loss 0.1392 (0.1392)	Prec@1 93.750 (93.750)
Epoch: [135][50/126]	Time 0.155 (0.343)	Data 0.000 (0.187)	Loss 0.2715 (0.2333)	Prec@1 89.062 (91.912)
Epoch: [135][100/126]	Time 0.156 (0.327)	Data 0.000 (0.171)	Loss 0.2394 (0.2365)	Prec@1 93.750 (91.785)
Test: [0/32]	Time 1.998 (1.998)	Loss 0.5479 (0.5479)	Prec@1 85.938 (85.938)
 * Prec@1 80.995
Epoch: [136][0/126]	Time 4.038 (4.038)	Data 3.883 (3.883)	Loss 0.3077 (0.3077)	Prec@1 92.188 (92.188)
Epoch: [136][50/126]	Time 0.157 (0.343)	Data 0.000 (0.186)	Loss 0.1806 (0.2265)	Prec@1 96.875 (92.433)
Epoch: [136][100/126]	Time 0.164 (0.311)	Data 0.000 (0.152)	Loss 0.2899 (0.2243)	Prec@1 89.062 (92.528)
Test: [0/32]	Time 2.683 (2.683)	Loss 0.3723 (0.3723)	Prec@1 90.625 (90.625)
 * Prec@1 81.393
Epoch: [137][0/126]	Time 1.311 (1.311)	Data 1.142 (1.142)	Loss 0.2122 (0.2122)	Prec@1 89.062 (89.062)
Epoch: [137][50/126]	Time 0.157 (0.372)	Data 0.000 (0.208)	Loss 0.3507 (0.2387)	Prec@1 82.812 (91.268)
Epoch: [137][100/126]	Time 0.166 (0.340)	Data 0.000 (0.179)	Loss 0.1843 (0.2272)	Prec@1 95.312 (92.126)
Test: [0/32]	Time 2.018 (2.018)	Loss 0.4976 (0.4976)	Prec@1 85.938 (85.938)
 * Prec@1 81.393
Epoch: [138][0/126]	Time 2.918 (2.918)	Data 2.741 (2.741)	Loss 0.3119 (0.3119)	Prec@1 89.062 (89.062)
Epoch: [138][50/126]	Time 0.156 (0.341)	Data 0.000 (0.178)	Loss 0.2517 (0.2225)	Prec@1 87.500 (91.942)
Epoch: [138][100/126]	Time 0.156 (0.297)	Data 0.000 (0.138)	Loss 0.2116 (0.2188)	Prec@1 92.188 (92.249)
Test: [0/32]	Time 2.047 (2.047)	Loss 0.5420 (0.5420)	Prec@1 84.375 (84.375)
 * Prec@1 81.791
Epoch: [139][0/126]	Time 2.777 (2.777)	Data 2.605 (2.605)	Loss 0.1788 (0.1788)	Prec@1 93.750 (93.750)
Epoch: [139][50/126]	Time 0.156 (0.337)	Data 0.000 (0.176)	Loss 0.1107 (0.2078)	Prec@1 96.875 (93.076)
Epoch: [139][100/126]	Time 0.166 (0.306)	Data 0.000 (0.148)	Loss 0.2083 (0.2141)	Prec@1 92.188 (92.791)
Test: [0/32]	Time 2.243 (2.243)	Loss 0.5624 (0.5624)	Prec@1 82.812 (82.812)
 * Prec@1 80.547
Epoch: [140][0/126]	Time 1.585 (1.585)	Data 1.246 (1.246)	Loss 0.2170 (0.2170)	Prec@1 92.188 (92.188)
Epoch: [140][50/126]	Time 0.196 (0.336)	Data 0.041 (0.174)	Loss 0.3199 (0.2211)	Prec@1 87.500 (92.647)
Epoch: [140][100/126]	Time 0.156 (0.312)	Data 0.000 (0.153)	Loss 0.2303 (0.2263)	Prec@1 93.750 (92.450)
Test: [0/32]	Time 2.203 (2.203)	Loss 0.5940 (0.5940)	Prec@1 81.250 (81.250)
 * Prec@1 81.144
Epoch: [141][0/126]	Time 2.614 (2.614)	Data 2.415 (2.415)	Loss 0.2722 (0.2722)	Prec@1 90.625 (90.625)
Epoch: [141][50/126]	Time 2.910 (0.420)	Data 2.755 (0.258)	Loss 0.2455 (0.2332)	Prec@1 87.500 (91.605)
Epoch: [141][100/126]	Time 0.156 (0.337)	Data 0.000 (0.177)	Loss 0.1519 (0.2263)	Prec@1 95.312 (92.296)
Test: [0/32]	Time 2.126 (2.126)	Loss 0.3754 (0.3754)	Prec@1 89.062 (89.062)
 * Prec@1 81.144
Epoch: [142][0/126]	Time 2.141 (2.141)	Data 1.961 (1.961)	Loss 0.2718 (0.2718)	Prec@1 85.938 (85.938)
Epoch: [142][50/126]	Time 0.155 (0.346)	Data 0.000 (0.189)	Loss 0.2282 (0.2231)	Prec@1 93.750 (92.188)
Epoch: [142][100/126]	Time 0.153 (0.340)	Data 0.000 (0.184)	Loss 0.2615 (0.2309)	Prec@1 92.188 (92.203)
Test: [0/32]	Time 1.996 (1.996)	Loss 0.6953 (0.6953)	Prec@1 84.375 (84.375)
 * Prec@1 82.488
Epoch: [143][0/126]	Time 3.542 (3.542)	Data 3.374 (3.374)	Loss 0.1745 (0.1745)	Prec@1 95.312 (95.312)
Epoch: [143][50/126]	Time 0.157 (0.323)	Data 0.000 (0.167)	Loss 0.2307 (0.2131)	Prec@1 92.188 (92.923)
Epoch: [143][100/126]	Time 0.157 (0.317)	Data 0.000 (0.160)	Loss 0.2222 (0.2111)	Prec@1 92.188 (92.775)
Test: [0/32]	Time 2.068 (2.068)	Loss 0.4883 (0.4883)	Prec@1 85.938 (85.938)
 * Prec@1 81.443
Epoch: [144][0/126]	Time 2.899 (2.899)	Data 2.724 (2.724)	Loss 0.1495 (0.1495)	Prec@1 93.750 (93.750)
Epoch: [144][50/126]	Time 0.155 (0.328)	Data 0.000 (0.166)	Loss 0.0824 (0.2141)	Prec@1 98.438 (92.708)
Epoch: [144][100/126]	Time 0.163 (0.342)	Data 0.000 (0.182)	Loss 0.1994 (0.2170)	Prec@1 95.312 (92.605)
Test: [0/32]	Time 2.272 (2.272)	Loss 0.4997 (0.4997)	Prec@1 87.500 (87.500)
 * Prec@1 82.438
Epoch: [145][0/126]	Time 2.837 (2.837)	Data 2.677 (2.677)	Loss 0.2384 (0.2384)	Prec@1 90.625 (90.625)
Epoch: [145][50/126]	Time 0.155 (0.380)	Data 0.000 (0.224)	Loss 0.2912 (0.2166)	Prec@1 90.625 (92.953)
Epoch: [145][100/126]	Time 0.158 (0.357)	Data 0.000 (0.201)	Loss 0.2454 (0.2247)	Prec@1 92.188 (92.327)
Test: [0/32]	Time 2.227 (2.227)	Loss 0.6309 (0.6309)	Prec@1 85.938 (85.938)
 * Prec@1 81.294
Epoch: [146][0/126]	Time 1.063 (1.063)	Data 0.905 (0.905)	Loss 0.1598 (0.1598)	Prec@1 93.750 (93.750)
Epoch: [146][50/126]	Time 0.166 (0.360)	Data 0.000 (0.198)	Loss 0.1754 (0.2310)	Prec@1 96.875 (92.279)
Epoch: [146][100/126]	Time 0.156 (0.306)	Data 0.000 (0.146)	Loss 0.2561 (0.2244)	Prec@1 90.625 (92.435)
Test: [0/32]	Time 2.235 (2.235)	Loss 0.5210 (0.5210)	Prec@1 85.938 (85.938)
 * Prec@1 80.796
Epoch: [147][0/126]	Time 2.763 (2.763)	Data 2.597 (2.597)	Loss 0.1814 (0.1814)	Prec@1 92.188 (92.188)
Epoch: [147][50/126]	Time 0.155 (0.314)	Data 0.000 (0.157)	Loss 0.3073 (0.2168)	Prec@1 87.500 (92.310)
Epoch: [147][100/126]	Time 0.154 (0.315)	Data 0.000 (0.159)	Loss 0.2793 (0.2156)	Prec@1 90.625 (92.528)
Test: [0/32]	Time 2.261 (2.261)	Loss 0.4677 (0.4677)	Prec@1 89.062 (89.062)
 * Prec@1 80.995
Epoch: [148][0/126]	Time 4.964 (4.964)	Data 4.796 (4.796)	Loss 0.3283 (0.3283)	Prec@1 87.500 (87.500)
Epoch: [148][50/126]	Time 1.070 (0.398)	Data 0.915 (0.243)	Loss 0.1966 (0.2135)	Prec@1 95.312 (92.953)
Epoch: [148][100/126]	Time 0.155 (0.352)	Data 0.000 (0.197)	Loss 0.2999 (0.2109)	Prec@1 92.188 (92.652)
Test: [0/32]	Time 2.042 (2.042)	Loss 0.5122 (0.5122)	Prec@1 87.500 (87.500)
 * Prec@1 80.846
Epoch: [149][0/126]	Time 1.288 (1.288)	Data 1.101 (1.101)	Loss 0.2498 (0.2498)	Prec@1 93.750 (93.750)
Epoch: [149][50/126]	Time 0.155 (0.328)	Data 0.000 (0.161)	Loss 0.1936 (0.2132)	Prec@1 92.188 (92.402)
Epoch: [149][100/126]	Time 0.160 (0.303)	Data 0.000 (0.140)	Loss 0.1360 (0.2182)	Prec@1 96.875 (92.373)
Test: [0/32]	Time 1.969 (1.969)	Loss 0.6424 (0.6424)	Prec@1 84.375 (84.375)
 * Prec@1 80.697
Epoch: [150][0/126]	Time 1.356 (1.356)	Data 1.180 (1.180)	Loss 0.2098 (0.2098)	Prec@1 96.875 (96.875)
Epoch: [150][50/126]	Time 0.155 (0.350)	Data 0.000 (0.185)	Loss 0.1743 (0.2249)	Prec@1 95.312 (92.279)
Epoch: [150][100/126]	Time 0.158 (0.305)	Data 0.000 (0.144)	Loss 0.1849 (0.2132)	Prec@1 92.188 (92.698)
Test: [0/32]	Time 2.035 (2.035)	Loss 0.5448 (0.5448)	Prec@1 84.375 (84.375)
 * Prec@1 81.493
Epoch: [151][0/126]	Time 1.501 (1.501)	Data 1.328 (1.328)	Loss 0.3184 (0.3184)	Prec@1 85.938 (85.938)
Epoch: [151][50/126]	Time 0.157 (0.311)	Data 0.000 (0.150)	Loss 0.1660 (0.2261)	Prec@1 96.875 (92.065)
Epoch: [151][100/126]	Time 0.157 (0.313)	Data 0.000 (0.153)	Loss 0.3538 (0.2228)	Prec@1 90.625 (92.079)
Test: [0/32]	Time 2.108 (2.108)	Loss 0.5630 (0.5630)	Prec@1 87.500 (87.500)
 * Prec@1 82.338
Epoch: [152][0/126]	Time 2.835 (2.835)	Data 2.659 (2.659)	Loss 0.2300 (0.2300)	Prec@1 95.312 (95.312)
Epoch: [152][50/126]	Time 0.155 (0.362)	Data 0.000 (0.202)	Loss 0.1899 (0.2161)	Prec@1 95.312 (92.525)
Epoch: [152][100/126]	Time 0.155 (0.340)	Data 0.000 (0.183)	Loss 0.2127 (0.2117)	Prec@1 95.312 (92.806)
Test: [0/32]	Time 2.171 (2.171)	Loss 0.5211 (0.5211)	Prec@1 82.812 (82.812)
 * Prec@1 80.896
Epoch: [153][0/126]	Time 1.606 (1.606)	Data 1.448 (1.448)	Loss 0.2136 (0.2136)	Prec@1 92.188 (92.188)
Epoch: [153][50/126]	Time 0.648 (0.338)	Data 0.489 (0.178)	Loss 0.3008 (0.2209)	Prec@1 90.625 (92.555)
Epoch: [153][100/126]	Time 0.157 (0.325)	Data 0.000 (0.165)	Loss 0.1807 (0.2156)	Prec@1 96.875 (92.450)
Test: [0/32]	Time 2.006 (2.006)	Loss 0.5015 (0.5015)	Prec@1 87.500 (87.500)
 * Prec@1 81.443
Epoch: [154][0/126]	Time 1.772 (1.772)	Data 1.583 (1.583)	Loss 0.1861 (0.1861)	Prec@1 93.750 (93.750)
Epoch: [154][50/126]	Time 0.157 (0.351)	Data 0.002 (0.193)	Loss 0.3158 (0.2237)	Prec@1 90.625 (92.188)
Epoch: [154][100/126]	Time 0.156 (0.332)	Data 0.000 (0.175)	Loss 0.2094 (0.2276)	Prec@1 90.625 (91.940)
Test: [0/32]	Time 2.040 (2.040)	Loss 0.4412 (0.4412)	Prec@1 87.500 (87.500)
 * Prec@1 81.343
Epoch: [155][0/126]	Time 3.397 (3.397)	Data 3.226 (3.226)	Loss 0.0937 (0.0937)	Prec@1 98.438 (98.438)
Epoch: [155][50/126]	Time 0.155 (0.313)	Data 0.000 (0.155)	Loss 0.3941 (0.2141)	Prec@1 82.812 (92.770)
Epoch: [155][100/126]	Time 0.533 (0.287)	Data 0.379 (0.130)	Loss 0.3105 (0.2115)	Prec@1 92.188 (92.884)
Test: [0/32]	Time 2.064 (2.064)	Loss 0.4992 (0.4992)	Prec@1 82.812 (82.812)
 * Prec@1 80.199
Epoch: [156][0/126]	Time 3.044 (3.044)	Data 2.886 (2.886)	Loss 0.1869 (0.1869)	Prec@1 93.750 (93.750)
Epoch: [156][50/126]	Time 1.914 (0.356)	Data 1.758 (0.198)	Loss 0.2766 (0.2264)	Prec@1 89.062 (92.800)
Epoch: [156][100/126]	Time 0.874 (0.338)	Data 0.715 (0.181)	Loss 0.2209 (0.2269)	Prec@1 92.188 (92.528)
Test: [0/32]	Time 2.062 (2.062)	Loss 0.4972 (0.4972)	Prec@1 90.625 (90.625)
 * Prec@1 81.642
Epoch: [157][0/126]	Time 1.788 (1.788)	Data 1.627 (1.627)	Loss 0.3761 (0.3761)	Prec@1 89.062 (89.062)
Epoch: [157][50/126]	Time 0.161 (0.374)	Data 0.000 (0.218)	Loss 0.3243 (0.2237)	Prec@1 85.938 (92.188)
Epoch: [157][100/126]	Time 0.721 (0.326)	Data 0.564 (0.170)	Loss 0.1208 (0.2230)	Prec@1 98.438 (92.389)
Test: [0/32]	Time 1.915 (1.915)	Loss 0.6087 (0.6087)	Prec@1 81.250 (81.250)
 * Prec@1 82.139
Epoch: [158][0/126]	Time 2.692 (2.692)	Data 2.530 (2.530)	Loss 0.1558 (0.1558)	Prec@1 95.312 (95.312)
Epoch: [158][50/126]	Time 0.726 (0.364)	Data 0.569 (0.203)	Loss 0.2326 (0.2035)	Prec@1 92.188 (93.076)
Epoch: [158][100/126]	Time 0.674 (0.303)	Data 0.519 (0.145)	Loss 0.2835 (0.2116)	Prec@1 89.062 (92.744)
Test: [0/32]	Time 2.692 (2.692)	Loss 0.4010 (0.4010)	Prec@1 90.625 (90.625)
 * Prec@1 81.841
Epoch: [159][0/126]	Time 1.711 (1.711)	Data 1.551 (1.551)	Loss 0.2262 (0.2262)	Prec@1 93.750 (93.750)
Epoch: [159][50/126]	Time 0.156 (0.308)	Data 0.000 (0.152)	Loss 0.2422 (0.2085)	Prec@1 92.188 (93.137)
Epoch: [159][100/126]	Time 0.157 (0.305)	Data 0.000 (0.148)	Loss 0.2700 (0.2172)	Prec@1 90.625 (92.775)
Test: [0/32]	Time 2.204 (2.204)	Loss 0.5334 (0.5334)	Prec@1 87.500 (87.500)
 * Prec@1 81.095
Epoch: [160][0/126]	Time 1.985 (1.985)	Data 1.812 (1.812)	Loss 0.1967 (0.1967)	Prec@1 92.188 (92.188)
Epoch: [160][50/126]	Time 0.155 (0.312)	Data 0.000 (0.156)	Loss 0.2565 (0.2167)	Prec@1 92.188 (92.555)
Epoch: [160][100/126]	Time 0.156 (0.284)	Data 0.000 (0.128)	Loss 0.3365 (0.2164)	Prec@1 84.375 (92.358)
Test: [0/32]	Time 2.342 (2.342)	Loss 0.4939 (0.4939)	Prec@1 82.812 (82.812)
 * Prec@1 81.393
Epoch: [161][0/126]	Time 1.513 (1.513)	Data 1.354 (1.354)	Loss 0.2657 (0.2657)	Prec@1 90.625 (90.625)
Epoch: [161][50/126]	Time 1.100 (0.393)	Data 0.937 (0.233)	Loss 0.2316 (0.2157)	Prec@1 92.188 (92.739)
Epoch: [161][100/126]	Time 0.159 (0.327)	Data 0.000 (0.169)	Loss 0.1650 (0.2158)	Prec@1 95.312 (92.574)
Test: [0/32]	Time 2.393 (2.393)	Loss 0.4606 (0.4606)	Prec@1 89.062 (89.062)
 * Prec@1 81.493
Epoch: [162][0/126]	Time 2.927 (2.927)	Data 2.758 (2.758)	Loss 0.2006 (0.2006)	Prec@1 93.750 (93.750)
Epoch: [162][50/126]	Time 0.156 (0.356)	Data 0.000 (0.198)	Loss 0.0866 (0.2155)	Prec@1 96.875 (91.973)
Epoch: [162][100/126]	Time 0.158 (0.317)	Data 0.000 (0.160)	Loss 0.1964 (0.2197)	Prec@1 93.750 (92.280)
Test: [0/32]	Time 1.946 (1.946)	Loss 0.5102 (0.5102)	Prec@1 85.938 (85.938)
 * Prec@1 81.741
Epoch: [163][0/126]	Time 3.406 (3.406)	Data 3.241 (3.241)	Loss 0.1699 (0.1699)	Prec@1 93.750 (93.750)
Epoch: [163][50/126]	Time 0.156 (0.339)	Data 0.000 (0.184)	Loss 0.1750 (0.2140)	Prec@1 93.750 (93.199)
Epoch: [163][100/126]	Time 0.153 (0.332)	Data 0.000 (0.177)	Loss 0.2699 (0.2195)	Prec@1 89.062 (92.729)
Test: [0/32]	Time 2.230 (2.230)	Loss 0.4352 (0.4352)	Prec@1 89.062 (89.062)
 * Prec@1 80.697
Epoch: [164][0/126]	Time 1.335 (1.335)	Data 1.165 (1.165)	Loss 0.3160 (0.3160)	Prec@1 90.625 (90.625)
Epoch: [164][50/126]	Time 0.609 (0.355)	Data 0.452 (0.198)	Loss 0.2028 (0.2121)	Prec@1 95.312 (93.444)
Epoch: [164][100/126]	Time 0.156 (0.310)	Data 0.000 (0.153)	Loss 0.1262 (0.2173)	Prec@1 92.188 (93.116)
Test: [0/32]	Time 2.278 (2.278)	Loss 0.5902 (0.5902)	Prec@1 84.375 (84.375)
 * Prec@1 81.095
Epoch: [165][0/126]	Time 3.445 (3.445)	Data 3.284 (3.284)	Loss 0.1414 (0.1414)	Prec@1 93.750 (93.750)
Epoch: [165][50/126]	Time 0.157 (0.338)	Data 0.000 (0.181)	Loss 0.2405 (0.2195)	Prec@1 90.625 (92.892)
Epoch: [165][100/126]	Time 0.156 (0.330)	Data 0.000 (0.174)	Loss 0.2959 (0.2179)	Prec@1 87.500 (92.729)
Test: [0/32]	Time 2.089 (2.089)	Loss 0.5705 (0.5705)	Prec@1 85.938 (85.938)
 * Prec@1 81.841
Epoch: [166][0/126]	Time 3.751 (3.751)	Data 3.584 (3.584)	Loss 0.1869 (0.1869)	Prec@1 92.188 (92.188)
Epoch: [166][50/126]	Time 0.568 (0.328)	Data 0.412 (0.173)	Loss 0.1460 (0.2202)	Prec@1 95.312 (92.770)
Epoch: [166][100/126]	Time 0.155 (0.299)	Data 0.000 (0.144)	Loss 0.3201 (0.2200)	Prec@1 87.500 (92.574)
Test: [0/32]	Time 1.961 (1.961)	Loss 0.4338 (0.4338)	Prec@1 87.500 (87.500)
 * Prec@1 81.791
Epoch: [167][0/126]	Time 5.259 (5.259)	Data 5.097 (5.097)	Loss 0.2084 (0.2084)	Prec@1 92.188 (92.188)
Epoch: [167][50/126]	Time 0.156 (0.382)	Data 0.000 (0.226)	Loss 0.2506 (0.2236)	Prec@1 87.500 (92.188)
Epoch: [167][100/126]	Time 0.212 (0.326)	Data 0.053 (0.171)	Loss 0.2311 (0.2214)	Prec@1 93.750 (92.373)
Test: [0/32]	Time 1.994 (1.994)	Loss 0.4656 (0.4656)	Prec@1 85.938 (85.938)
 * Prec@1 81.692
Epoch: [168][0/126]	Time 2.870 (2.870)	Data 2.711 (2.711)	Loss 0.3173 (0.3173)	Prec@1 89.062 (89.062)
Epoch: [168][50/126]	Time 0.156 (0.392)	Data 0.000 (0.235)	Loss 0.2054 (0.2126)	Prec@1 92.188 (93.015)
Epoch: [168][100/126]	Time 0.533 (0.324)	Data 0.378 (0.168)	Loss 0.3993 (0.2059)	Prec@1 85.938 (93.162)
Test: [0/32]	Time 2.011 (2.011)	Loss 0.4067 (0.4067)	Prec@1 87.500 (87.500)
 * Prec@1 80.995
Epoch: [169][0/126]	Time 1.782 (1.782)	Data 1.615 (1.615)	Loss 0.4141 (0.4141)	Prec@1 89.062 (89.062)
Epoch: [169][50/126]	Time 0.165 (0.338)	Data 0.000 (0.180)	Loss 0.1743 (0.2094)	Prec@1 93.750 (93.107)
Epoch: [169][100/126]	Time 0.158 (0.328)	Data 0.000 (0.169)	Loss 0.1349 (0.2088)	Prec@1 96.875 (93.023)
Test: [0/32]	Time 2.322 (2.322)	Loss 0.3712 (0.3712)	Prec@1 90.625 (90.625)
 * Prec@1 81.791
Epoch: [170][0/126]	Time 2.282 (2.282)	Data 2.109 (2.109)	Loss 0.2115 (0.2115)	Prec@1 93.750 (93.750)
Epoch: [170][50/126]	Time 0.832 (0.337)	Data 0.660 (0.178)	Loss 0.2445 (0.2186)	Prec@1 90.625 (92.586)
Epoch: [170][100/126]	Time 0.465 (0.295)	Data 0.309 (0.136)	Loss 0.2342 (0.2145)	Prec@1 92.188 (92.729)
Test: [0/32]	Time 2.015 (2.015)	Loss 0.4839 (0.4839)	Prec@1 84.375 (84.375)
 * Prec@1 81.741
Epoch: [171][0/126]	Time 2.549 (2.549)	Data 2.369 (2.369)	Loss 0.1844 (0.1844)	Prec@1 93.750 (93.750)
Epoch: [171][50/126]	Time 0.155 (0.363)	Data 0.000 (0.205)	Loss 0.3587 (0.2140)	Prec@1 89.062 (92.341)
Epoch: [171][100/126]	Time 0.156 (0.318)	Data 0.000 (0.161)	Loss 0.1719 (0.2112)	Prec@1 95.312 (92.729)
Test: [0/32]	Time 2.164 (2.164)	Loss 0.3993 (0.3993)	Prec@1 92.188 (92.188)
 * Prec@1 82.886
Epoch: [172][0/126]	Time 3.481 (3.481)	Data 3.324 (3.324)	Loss 0.2502 (0.2502)	Prec@1 90.625 (90.625)
Epoch: [172][50/126]	Time 0.155 (0.381)	Data 0.000 (0.220)	Loss 0.2183 (0.2096)	Prec@1 87.500 (93.352)
Epoch: [172][100/126]	Time 0.156 (0.362)	Data 0.000 (0.203)	Loss 0.2498 (0.2143)	Prec@1 92.188 (92.853)
Test: [0/32]	Time 2.297 (2.297)	Loss 0.4953 (0.4953)	Prec@1 87.500 (87.500)
 * Prec@1 81.841
Epoch: [173][0/126]	Time 2.280 (2.280)	Data 2.112 (2.112)	Loss 0.1864 (0.1864)	Prec@1 93.750 (93.750)
Epoch: [173][50/126]	Time 0.157 (0.322)	Data 0.000 (0.165)	Loss 0.2921 (0.2158)	Prec@1 90.625 (92.463)
Epoch: [173][100/126]	Time 0.157 (0.297)	Data 0.000 (0.140)	Loss 0.1831 (0.2121)	Prec@1 93.750 (92.621)
Test: [0/32]	Time 2.104 (2.104)	Loss 0.6250 (0.6250)	Prec@1 81.250 (81.250)
 * Prec@1 81.045
Epoch: [174][0/126]	Time 3.386 (3.386)	Data 3.205 (3.205)	Loss 0.2177 (0.2177)	Prec@1 93.750 (93.750)
Epoch: [174][50/126]	Time 0.156 (0.338)	Data 0.000 (0.179)	Loss 0.1790 (0.2159)	Prec@1 93.750 (92.770)
Epoch: [174][100/126]	Time 0.157 (0.307)	Data 0.000 (0.150)	Loss 0.1371 (0.2136)	Prec@1 96.875 (92.605)
Test: [0/32]	Time 2.494 (2.494)	Loss 0.5597 (0.5597)	Prec@1 79.688 (79.688)
 * Prec@1 80.597
Epoch: [175][0/126]	Time 2.692 (2.692)	Data 2.513 (2.513)	Loss 0.3644 (0.3644)	Prec@1 89.062 (89.062)
Epoch: [175][50/126]	Time 0.157 (0.379)	Data 0.000 (0.221)	Loss 0.2019 (0.2226)	Prec@1 95.312 (92.279)
Epoch: [175][100/126]	Time 0.158 (0.338)	Data 0.000 (0.180)	Loss 0.2843 (0.2163)	Prec@1 90.625 (92.512)
Test: [0/32]	Time 2.029 (2.029)	Loss 0.4894 (0.4894)	Prec@1 84.375 (84.375)
 * Prec@1 81.891
Epoch: [176][0/126]	Time 1.259 (1.259)	Data 1.091 (1.091)	Loss 0.1542 (0.1542)	Prec@1 93.750 (93.750)
Epoch: [176][50/126]	Time 0.155 (0.320)	Data 0.000 (0.162)	Loss 0.3315 (0.2091)	Prec@1 90.625 (92.862)
Epoch: [176][100/126]	Time 0.156 (0.322)	Data 0.000 (0.165)	Loss 0.1837 (0.2055)	Prec@1 95.312 (93.286)
Test: [0/32]	Time 2.018 (2.018)	Loss 0.4524 (0.4524)	Prec@1 84.375 (84.375)
 * Prec@1 81.841
Epoch: [177][0/126]	Time 1.822 (1.822)	Data 1.662 (1.662)	Loss 0.0868 (0.0868)	Prec@1 96.875 (96.875)
Epoch: [177][50/126]	Time 0.159 (0.347)	Data 0.000 (0.190)	Loss 0.2465 (0.2127)	Prec@1 92.188 (92.586)
Epoch: [177][100/126]	Time 0.157 (0.311)	Data 0.000 (0.154)	Loss 0.1006 (0.2166)	Prec@1 96.875 (92.497)
Test: [0/32]	Time 2.095 (2.095)	Loss 0.6171 (0.6171)	Prec@1 87.500 (87.500)
 * Prec@1 81.542
Epoch: [178][0/126]	Time 1.520 (1.520)	Data 1.348 (1.348)	Loss 0.1616 (0.1616)	Prec@1 95.312 (95.312)
Epoch: [178][50/126]	Time 0.156 (0.338)	Data 0.000 (0.182)	Loss 0.2977 (0.1901)	Prec@1 85.938 (93.873)
Epoch: [178][100/126]	Time 0.155 (0.293)	Data 0.000 (0.137)	Loss 0.3432 (0.2072)	Prec@1 89.062 (93.224)
Test: [0/32]	Time 2.116 (2.116)	Loss 0.4741 (0.4741)	Prec@1 84.375 (84.375)
 * Prec@1 80.398
Epoch: [179][0/126]	Time 1.981 (1.981)	Data 1.813 (1.813)	Loss 0.1835 (0.1835)	Prec@1 95.312 (95.312)
Epoch: [179][50/126]	Time 0.154 (0.361)	Data 0.000 (0.205)	Loss 0.2014 (0.2233)	Prec@1 93.750 (92.586)
Epoch: [179][100/126]	Time 0.156 (0.318)	Data 0.000 (0.161)	Loss 0.2708 (0.2098)	Prec@1 89.062 (92.930)
Test: [0/32]	Time 2.146 (2.146)	Loss 0.5728 (0.5728)	Prec@1 84.375 (84.375)
 * Prec@1 81.493
Epoch: [180][0/126]	Time 4.816 (4.816)	Data 4.651 (4.651)	Loss 0.2851 (0.2851)	Prec@1 90.625 (90.625)
Epoch: [180][50/126]	Time 0.157 (0.378)	Data 0.000 (0.217)	Loss 0.4227 (0.2095)	Prec@1 87.500 (93.076)
Epoch: [180][100/126]	Time 0.168 (0.371)	Data 0.000 (0.209)	Loss 0.3861 (0.2177)	Prec@1 85.938 (92.760)
Test: [0/32]	Time 2.312 (2.312)	Loss 0.6151 (0.6151)	Prec@1 82.812 (82.812)
 * Prec@1 81.144
Epoch: [181][0/126]	Time 2.374 (2.374)	Data 2.214 (2.214)	Loss 0.1344 (0.1344)	Prec@1 93.750 (93.750)
Epoch: [181][50/126]	Time 0.547 (0.364)	Data 0.388 (0.202)	Loss 0.3049 (0.1979)	Prec@1 92.188 (93.413)
Epoch: [181][100/126]	Time 0.155 (0.328)	Data 0.000 (0.166)	Loss 0.2673 (0.2084)	Prec@1 95.312 (93.085)
Test: [0/32]	Time 1.999 (1.999)	Loss 0.5606 (0.5606)	Prec@1 82.812 (82.812)
 * Prec@1 80.149
Epoch: [182][0/126]	Time 3.635 (3.635)	Data 3.475 (3.475)	Loss 0.2119 (0.2119)	Prec@1 90.625 (90.625)
Epoch: [182][50/126]	Time 0.167 (0.345)	Data 0.000 (0.183)	Loss 0.2021 (0.2209)	Prec@1 95.312 (92.800)
Epoch: [182][100/126]	Time 0.167 (0.318)	Data 0.000 (0.157)	Loss 0.2149 (0.2223)	Prec@1 92.188 (92.605)
Test: [0/32]	Time 2.204 (2.204)	Loss 0.5533 (0.5533)	Prec@1 85.938 (85.938)
 * Prec@1 82.488
Epoch: [183][0/126]	Time 2.272 (2.272)	Data 2.096 (2.096)	Loss 0.1059 (0.1059)	Prec@1 98.438 (98.438)
Epoch: [183][50/126]	Time 0.168 (0.298)	Data 0.000 (0.137)	Loss 0.2552 (0.2206)	Prec@1 89.062 (92.096)
Epoch: [183][100/126]	Time 0.156 (0.287)	Data 0.000 (0.125)	Loss 0.2831 (0.2136)	Prec@1 90.625 (92.667)
Test: [0/32]	Time 1.954 (1.954)	Loss 0.4982 (0.4982)	Prec@1 89.062 (89.062)
 * Prec@1 81.841
Epoch: [184][0/126]	Time 2.226 (2.226)	Data 2.059 (2.059)	Loss 0.1825 (0.1825)	Prec@1 96.875 (96.875)
Epoch: [184][50/126]	Time 0.810 (0.316)	Data 0.655 (0.159)	Loss 0.1382 (0.2196)	Prec@1 95.312 (92.126)
Epoch: [184][100/126]	Time 0.627 (0.322)	Data 0.471 (0.165)	Loss 0.2233 (0.2169)	Prec@1 93.750 (92.327)
Test: [0/32]	Time 2.057 (2.057)	Loss 0.4330 (0.4330)	Prec@1 92.188 (92.188)
 * Prec@1 81.095
Epoch: [185][0/126]	Time 1.800 (1.800)	Data 1.604 (1.604)	Loss 0.1891 (0.1891)	Prec@1 95.312 (95.312)
Epoch: [185][50/126]	Time 0.156 (0.432)	Data 0.000 (0.273)	Loss 0.2340 (0.2145)	Prec@1 89.062 (92.770)
Epoch: [185][100/126]	Time 0.157 (0.336)	Data 0.000 (0.179)	Loss 0.2677 (0.2131)	Prec@1 89.062 (92.884)
Test: [0/32]	Time 2.149 (2.149)	Loss 0.5275 (0.5275)	Prec@1 85.938 (85.938)
 * Prec@1 80.995
Epoch: [186][0/126]	Time 3.755 (3.755)	Data 3.584 (3.584)	Loss 0.1527 (0.1527)	Prec@1 95.312 (95.312)
Epoch: [186][50/126]	Time 0.155 (0.331)	Data 0.000 (0.175)	Loss 0.1661 (0.2208)	Prec@1 95.312 (92.310)
Epoch: [186][100/126]	Time 0.160 (0.320)	Data 0.000 (0.164)	Loss 0.2221 (0.2193)	Prec@1 89.062 (92.265)
Test: [0/32]	Time 2.218 (2.218)	Loss 0.4356 (0.4356)	Prec@1 87.500 (87.500)
 * Prec@1 80.647
Epoch: [187][0/126]	Time 2.840 (2.840)	Data 2.679 (2.679)	Loss 0.1452 (0.1452)	Prec@1 96.875 (96.875)
Epoch: [187][50/126]	Time 0.156 (0.307)	Data 0.000 (0.151)	Loss 0.3074 (0.2242)	Prec@1 89.062 (92.494)
Epoch: [187][100/126]	Time 0.157 (0.299)	Data 0.000 (0.142)	Loss 0.2778 (0.2221)	Prec@1 93.750 (92.497)
Test: [0/32]	Time 2.003 (2.003)	Loss 0.3648 (0.3648)	Prec@1 90.625 (90.625)
 * Prec@1 81.741
Epoch: [188][0/126]	Time 1.918 (1.918)	Data 1.744 (1.744)	Loss 0.1273 (0.1273)	Prec@1 96.875 (96.875)
Epoch: [188][50/126]	Time 1.397 (0.338)	Data 1.243 (0.183)	Loss 0.3425 (0.2213)	Prec@1 90.625 (92.433)
Epoch: [188][100/126]	Time 0.156 (0.303)	Data 0.000 (0.146)	Loss 0.1900 (0.2159)	Prec@1 93.750 (92.698)
Test: [0/32]	Time 2.158 (2.158)	Loss 0.6780 (0.6780)	Prec@1 84.375 (84.375)
 * Prec@1 81.642
Epoch: [189][0/126]	Time 2.008 (2.008)	Data 1.825 (1.825)	Loss 0.4621 (0.4621)	Prec@1 84.375 (84.375)
Epoch: [189][50/126]	Time 0.157 (0.378)	Data 0.000 (0.220)	Loss 0.2082 (0.2314)	Prec@1 92.188 (92.371)
Epoch: [189][100/126]	Time 0.159 (0.318)	Data 0.000 (0.161)	Loss 0.2543 (0.2193)	Prec@1 90.625 (92.512)
Test: [0/32]	Time 2.469 (2.469)	Loss 0.4155 (0.4155)	Prec@1 84.375 (84.375)
 * Prec@1 81.891
Epoch: [190][0/126]	Time 2.005 (2.005)	Data 1.833 (1.833)	Loss 0.2438 (0.2438)	Prec@1 90.625 (90.625)
Epoch: [190][50/126]	Time 0.156 (0.403)	Data 0.000 (0.245)	Loss 0.2263 (0.2220)	Prec@1 90.625 (92.647)
Epoch: [190][100/126]	Time 0.157 (0.331)	Data 0.000 (0.174)	Loss 0.1948 (0.2168)	Prec@1 92.188 (93.007)
Test: [0/32]	Time 2.293 (2.293)	Loss 0.4088 (0.4088)	Prec@1 89.062 (89.062)
 * Prec@1 81.891
Epoch: [191][0/126]	Time 2.553 (2.553)	Data 2.372 (2.372)	Loss 0.2580 (0.2580)	Prec@1 90.625 (90.625)
Epoch: [191][50/126]	Time 0.155 (0.357)	Data 0.000 (0.200)	Loss 0.1624 (0.2097)	Prec@1 93.750 (92.647)
Epoch: [191][100/126]	Time 0.156 (0.306)	Data 0.000 (0.149)	Loss 0.1944 (0.2085)	Prec@1 92.188 (92.992)
Test: [0/32]	Time 2.149 (2.149)	Loss 0.7200 (0.7200)	Prec@1 76.562 (76.562)
 * Prec@1 79.801
Epoch: [192][0/126]	Time 2.249 (2.249)	Data 2.088 (2.088)	Loss 0.1356 (0.1356)	Prec@1 98.438 (98.438)
Epoch: [192][50/126]	Time 0.160 (0.402)	Data 0.000 (0.245)	Loss 0.2978 (0.2108)	Prec@1 90.625 (93.045)
Epoch: [192][100/126]	Time 0.155 (0.354)	Data 0.000 (0.197)	Loss 0.1138 (0.2124)	Prec@1 96.875 (92.791)
Test: [0/32]	Time 2.007 (2.007)	Loss 0.4919 (0.4919)	Prec@1 85.938 (85.938)
 * Prec@1 81.791
Epoch: [193][0/126]	Time 3.502 (3.502)	Data 3.329 (3.329)	Loss 0.1828 (0.1828)	Prec@1 95.312 (95.312)
Epoch: [193][50/126]	Time 0.152 (0.317)	Data 0.000 (0.164)	Loss 0.2691 (0.2204)	Prec@1 93.750 (92.279)
Epoch: [193][100/126]	Time 0.150 (0.318)	Data 0.000 (0.165)	Loss 0.2225 (0.2184)	Prec@1 90.625 (92.667)
Test: [0/32]	Time 2.139 (2.139)	Loss 0.4817 (0.4817)	Prec@1 90.625 (90.625)
 * Prec@1 81.940
Epoch: [194][0/126]	Time 1.557 (1.557)	Data 1.392 (1.392)	Loss 0.2008 (0.2008)	Prec@1 93.750 (93.750)
Epoch: [194][50/126]	Time 0.152 (0.378)	Data 0.000 (0.225)	Loss 0.1146 (0.2236)	Prec@1 95.312 (92.034)
Epoch: [194][100/126]	Time 0.152 (0.334)	Data 0.000 (0.181)	Loss 0.1396 (0.2144)	Prec@1 93.750 (92.605)
Test: [0/32]	Time 2.303 (2.303)	Loss 0.5327 (0.5327)	Prec@1 84.375 (84.375)
 * Prec@1 80.945
Epoch: [195][0/126]	Time 2.991 (2.991)	Data 2.827 (2.827)	Loss 0.2748 (0.2748)	Prec@1 93.750 (93.750)
Epoch: [195][50/126]	Time 0.170 (0.338)	Data 0.000 (0.184)	Loss 0.2041 (0.2105)	Prec@1 92.188 (93.597)
Epoch: [195][100/126]	Time 0.153 (0.306)	Data 0.000 (0.153)	Loss 0.3480 (0.2191)	Prec@1 89.062 (92.976)
Test: [0/32]	Time 1.972 (1.972)	Loss 0.5146 (0.5146)	Prec@1 84.375 (84.375)
 * Prec@1 81.443
Epoch: [196][0/126]	Time 2.320 (2.320)	Data 2.159 (2.159)	Loss 0.1829 (0.1829)	Prec@1 92.188 (92.188)
Epoch: [196][50/126]	Time 0.152 (0.335)	Data 0.000 (0.177)	Loss 0.3363 (0.2242)	Prec@1 85.938 (92.279)
Epoch: [196][100/126]	Time 2.361 (0.320)	Data 2.208 (0.165)	Loss 0.1817 (0.2164)	Prec@1 90.625 (92.466)
Test: [0/32]	Time 2.109 (2.109)	Loss 0.4922 (0.4922)	Prec@1 87.500 (87.500)
 * Prec@1 81.294
Epoch: [197][0/126]	Time 4.246 (4.246)	Data 4.083 (4.083)	Loss 0.1446 (0.1446)	Prec@1 93.750 (93.750)
Epoch: [197][50/126]	Time 0.204 (0.343)	Data 0.052 (0.190)	Loss 0.1675 (0.2037)	Prec@1 96.875 (93.290)
Epoch: [197][100/126]	Time 0.152 (0.299)	Data 0.000 (0.146)	Loss 0.2021 (0.2083)	Prec@1 92.188 (93.147)
Test: [0/32]	Time 2.294 (2.294)	Loss 0.5834 (0.5834)	Prec@1 82.812 (82.812)
 * Prec@1 81.343
Epoch: [198][0/126]	Time 2.694 (2.694)	Data 2.535 (2.535)	Loss 0.1411 (0.1411)	Prec@1 98.438 (98.438)
Epoch: [198][50/126]	Time 0.151 (0.396)	Data 0.000 (0.244)	Loss 0.1434 (0.2101)	Prec@1 92.188 (92.862)
Epoch: [198][100/126]	Time 2.523 (0.328)	Data 2.371 (0.175)	Loss 0.1503 (0.2127)	Prec@1 95.312 (92.806)
Test: [0/32]	Time 2.413 (2.413)	Loss 0.5505 (0.5505)	Prec@1 87.500 (87.500)
 * Prec@1 82.139
Epoch: [199][0/126]	Time 2.305 (2.305)	Data 2.138 (2.138)	Loss 0.3437 (0.3437)	Prec@1 87.500 (87.500)
Epoch: [199][50/126]	Time 0.152 (0.359)	Data 0.000 (0.206)	Loss 0.1687 (0.2088)	Prec@1 93.750 (92.341)
Epoch: [199][100/126]	Time 0.683 (0.335)	Data 0.532 (0.182)	Loss 0.1014 (0.2122)	Prec@1 98.438 (92.420)
Test: [0/32]	Time 1.886 (1.886)	Loss 0.6216 (0.6216)	Prec@1 78.125 (78.125)
 * Prec@1 80.945
accuracy of each class: [0.85       0.92       0.74       0.735      0.67326733 0.675
 0.885      0.945      0.79326923 0.865     ]
Plot confusion matrix:
      0    1    2    3    4    5    6    7    8    9
0  170    5    4    2    3    2    3    9    0    2
1    3  184    0    1    2    2    1    1    2    4
2    2    0  148    8    6   31    0    0    1    4
3    2    2    7  147   19    9    1    2    8    3
4    2    1    2   12  136   15    4    1   21    8
5    0    1   43    5    6  135    0    0    4    6
6    4    2    3    3    4    0  177    2    1    4
7    6    0    0    1    2    0    1  189    0    1
8    1    0    4   10   21    6    0    0  165    1
9    1    0    4    0   12    2    3    5    0  173
